{"C:\\Users\\katli\\Documents\\School\\Software Design\\Project\\server\\app.js": {"path":"C:\\Users\\katli\\Documents\\School\\Software Design\\Project\\server\\app.js","statementMap":{"0":{"start":{"line":10,"column":12},"end":{"line":10,"column":21}},"1":{"start":{"line":12,"column":0},"end":{"line":15,"column":4}},"2":{"start":{"line":17,"column":0},"end":{"line":17,"column":16}},"3":{"start":{"line":19,"column":0},"end":{"line":19,"column":24}},"4":{"start":{"line":20,"column":0},"end":{"line":20,"column":24}},"5":{"start":{"line":23,"column":0},"end":{"line":23,"column":25}},"6":{"start":{"line":25,"column":0},"end":{"line":25,"column":25}},"7":{"start":{"line":27,"column":0},"end":{"line":27,"column":26}},"8":{"start":{"line":29,"column":0},"end":{"line":29,"column":32}},"9":{"start":{"line":30,"column":0},"end":{"line":30,"column":34}}},"fnMap":{},"branchMap":{},"s":{"0":1,"1":1,"2":1,"3":1,"4":1,"5":1,"6":1,"7":1,"8":1,"9":1},"f":{},"b":{},"_coverageSchema":"1a1c01bbd47fc00a2c39e90264f33305004495a9","hash":"c1e83273433c3fbcede8827988db94c60eed3333"}
,"C:\\Users\\katli\\Documents\\School\\Software Design\\Project\\server\\controllers\\EventsController.js": {"path":"C:\\Users\\katli\\Documents\\School\\Software Design\\Project\\server\\controllers\\EventsController.js","statementMap":{"0":{"start":{"line":5,"column":13},"end":{"line":111,"column":1}},"1":{"start":{"line":112,"column":0},"end":{"line":112,"column":46}},"2":{"start":{"line":112,"column":20},"end":{"line":112,"column":44}},"3":{"start":{"line":114,"column":18},"end":{"line":116,"column":1}},"4":{"start":{"line":115,"column":2},"end":{"line":115,"column":30}},"5":{"start":{"line":118,"column":17},"end":{"line":120,"column":1}},"6":{"start":{"line":119,"column":2},"end":{"line":119,"column":76}},"7":{"start":{"line":119,"column":46},"end":{"line":119,"column":74}},"8":{"start":{"line":123,"column":20},"end":{"line":126,"column":1}},"9":{"start":{"line":124,"column":2},"end":{"line":124,"column":62}},"10":{"start":{"line":124,"column":34},"end":{"line":124,"column":61}},"11":{"start":{"line":125,"column":2},"end":{"line":125,"column":30}},"12":{"start":{"line":128,"column":20},"end":{"line":180,"column":1}},"13":{"start":{"line":130,"column":15},"end":{"line":130,"column":28}},"14":{"start":{"line":133,"column":17},"end":{"line":133,"column":50}},"15":{"start":{"line":133,"column":34},"end":{"line":133,"column":49}},"16":{"start":{"line":136,"column":2},"end":{"line":138,"column":3}},"17":{"start":{"line":137,"column":4},"end":{"line":137,"column":64}},"18":{"start":{"line":141,"column":2},"end":{"line":143,"column":3}},"19":{"start":{"line":142,"column":4},"end":{"line":142,"column":46}},"20":{"start":{"line":145,"column":2},"end":{"line":147,"column":3}},"21":{"start":{"line":146,"column":4},"end":{"line":146,"column":40}},"22":{"start":{"line":149,"column":2},"end":{"line":151,"column":3}},"23":{"start":{"line":150,"column":4},"end":{"line":150,"column":52}},"24":{"start":{"line":153,"column":2},"end":{"line":155,"column":3}},"25":{"start":{"line":154,"column":4},"end":{"line":154,"column":38}},"26":{"start":{"line":157,"column":2},"end":{"line":159,"column":3}},"27":{"start":{"line":158,"column":4},"end":{"line":158,"column":32}},"28":{"start":{"line":161,"column":2},"end":{"line":163,"column":3}},"29":{"start":{"line":162,"column":4},"end":{"line":162,"column":32}},"30":{"start":{"line":165,"column":2},"end":{"line":167,"column":3}},"31":{"start":{"line":166,"column":4},"end":{"line":166,"column":56}},"32":{"start":{"line":170,"column":2},"end":{"line":172,"column":3}},"33":{"start":{"line":171,"column":4},"end":{"line":171,"column":35}},"34":{"start":{"line":173,"column":2},"end":{"line":173,"column":35}},"35":{"start":{"line":176,"column":2},"end":{"line":179,"column":5}},"36":{"start":{"line":182,"column":20},"end":{"line":213,"column":1}},"37":{"start":{"line":183,"column":97},"end":{"line":183,"column":105}},"38":{"start":{"line":184,"column":2},"end":{"line":212,"column":3}},"39":{"start":{"line":186,"column":19},"end":{"line":186,"column":52}},"40":{"start":{"line":186,"column":36},"end":{"line":186,"column":51}},"41":{"start":{"line":187,"column":4},"end":{"line":189,"column":5}},"42":{"start":{"line":188,"column":6},"end":{"line":188,"column":71}},"43":{"start":{"line":191,"column":21},"end":{"line":201,"column":5}},"44":{"start":{"line":203,"column":4},"end":{"line":203,"column":26}},"45":{"start":{"line":204,"column":4},"end":{"line":204,"column":36}},"46":{"start":{"line":205,"column":4},"end":{"line":208,"column":7}},"47":{"start":{"line":210,"column":4},"end":{"line":210,"column":23}},"48":{"start":{"line":211,"column":4},"end":{"line":211,"column":61}},"49":{"start":{"line":215,"column":20},"end":{"line":280,"column":1}},"50":{"start":{"line":216,"column":2},"end":{"line":279,"column":3}},"51":{"start":{"line":217,"column":22},"end":{"line":217,"column":36}},"52":{"start":{"line":218,"column":17},"end":{"line":218,"column":58}},"53":{"start":{"line":218,"column":36},"end":{"line":218,"column":57}},"54":{"start":{"line":220,"column":4},"end":{"line":222,"column":5}},"55":{"start":{"line":221,"column":6},"end":{"line":221,"column":65}},"56":{"start":{"line":224,"column":16},"end":{"line":224,"column":26}},"57":{"start":{"line":225,"column":27},"end":{"line":232,"column":6}},"58":{"start":{"line":226,"column":26},"end":{"line":226,"column":65}},"59":{"start":{"line":228,"column":8},"end":{"line":230,"column":9}},"60":{"start":{"line":229,"column":12},"end":{"line":229,"column":25}},"61":{"start":{"line":231,"column":8},"end":{"line":231,"column":32}},"62":{"start":{"line":234,"column":27},"end":{"line":234,"column":63}},"63":{"start":{"line":234,"column":54},"end":{"line":234,"column":62}},"64":{"start":{"line":235,"column":23},"end":{"line":235,"column":67}},"65":{"start":{"line":235,"column":44},"end":{"line":235,"column":66}},"66":{"start":{"line":238,"column":27},"end":{"line":240,"column":23}},"67":{"start":{"line":239,"column":19},"end":{"line":239,"column":67}},"68":{"start":{"line":240,"column":16},"end":{"line":240,"column":22}},"69":{"start":{"line":242,"column":20},"end":{"line":242,"column":22}},"70":{"start":{"line":243,"column":24},"end":{"line":243,"column":26}},"71":{"start":{"line":245,"column":4},"end":{"line":266,"column":7}},"72":{"start":{"line":246,"column":27},"end":{"line":246,"column":44}},"73":{"start":{"line":247,"column":26},"end":{"line":247,"column":63}},"74":{"start":{"line":250,"column":26},"end":{"line":254,"column":14}},"75":{"start":{"line":251,"column":40},"end":{"line":251,"column":62}},"76":{"start":{"line":253,"column":53},"end":{"line":253,"column":75}},"77":{"start":{"line":258,"column":8},"end":{"line":259,"column":61}},"78":{"start":{"line":259,"column":34},"end":{"line":259,"column":60}},"79":{"start":{"line":261,"column":6},"end":{"line":265,"column":7}},"80":{"start":{"line":262,"column":8},"end":{"line":262,"column":28}},"81":{"start":{"line":264,"column":8},"end":{"line":264,"column":32}},"82":{"start":{"line":268,"column":4},"end":{"line":273,"column":7}},"83":{"start":{"line":277,"column":4},"end":{"line":277,"column":23}},"84":{"start":{"line":278,"column":4},"end":{"line":278,"column":61}},"85":{"start":{"line":282,"column":24},"end":{"line":291,"column":1}},"86":{"start":{"line":283,"column":20},"end":{"line":283,"column":40}},"87":{"start":{"line":284,"column":16},"end":{"line":284,"column":62}},"88":{"start":{"line":284,"column":37},"end":{"line":284,"column":61}},"89":{"start":{"line":286,"column":2},"end":{"line":290,"column":3}},"90":{"start":{"line":287,"column":4},"end":{"line":287,"column":20}},"91":{"start":{"line":289,"column":4},"end":{"line":289,"column":44}},"92":{"start":{"line":293,"column":23},"end":{"line":341,"column":1}},"93":{"start":{"line":294,"column":2},"end":{"line":340,"column":3}},"94":{"start":{"line":295,"column":26},"end":{"line":295,"column":34}},"95":{"start":{"line":296,"column":22},"end":{"line":296,"column":36}},"96":{"start":{"line":298,"column":18},"end":{"line":298,"column":56}},"97":{"start":{"line":298,"column":35},"end":{"line":298,"column":55}},"98":{"start":{"line":299,"column":4},"end":{"line":301,"column":5}},"99":{"start":{"line":300,"column":6},"end":{"line":300,"column":66}},"100":{"start":{"line":304,"column":4},"end":{"line":306,"column":5}},"101":{"start":{"line":305,"column":6},"end":{"line":305,"column":64}},"102":{"start":{"line":309,"column":4},"end":{"line":311,"column":5}},"103":{"start":{"line":310,"column":6},"end":{"line":310,"column":91}},"104":{"start":{"line":314,"column":4},"end":{"line":314,"column":37}},"105":{"start":{"line":315,"column":4},"end":{"line":322,"column":7}},"106":{"start":{"line":324,"column":4},"end":{"line":331,"column":7}},"107":{"start":{"line":333,"column":4},"end":{"line":336,"column":7}},"108":{"start":{"line":338,"column":4},"end":{"line":338,"column":23}},"109":{"start":{"line":339,"column":4},"end":{"line":339,"column":61}},"110":{"start":{"line":343,"column":21},"end":{"line":358,"column":1}},"111":{"start":{"line":344,"column":24},"end":{"line":344,"column":32}},"112":{"start":{"line":345,"column":20},"end":{"line":345,"column":34}},"113":{"start":{"line":347,"column":16},"end":{"line":347,"column":54}},"114":{"start":{"line":347,"column":33},"end":{"line":347,"column":53}},"115":{"start":{"line":348,"column":2},"end":{"line":350,"column":3}},"116":{"start":{"line":349,"column":4},"end":{"line":349,"column":64}},"117":{"start":{"line":352,"column":2},"end":{"line":352,"column":75}},"118":{"start":{"line":352,"column":54},"end":{"line":352,"column":73}},"119":{"start":{"line":354,"column":2},"end":{"line":357,"column":5}}},"fnMap":{"0":{"name":"(anonymous_0)","decl":{"start":{"line":112,"column":15},"end":{"line":112,"column":16}},"loc":{"start":{"line":112,"column":20},"end":{"line":112,"column":44}},"line":112},"1":{"name":"(anonymous_1)","decl":{"start":{"line":114,"column":18},"end":{"line":114,"column":19}},"loc":{"start":{"line":114,"column":38},"end":{"line":116,"column":1}},"line":114},"2":{"name":"(anonymous_2)","decl":{"start":{"line":118,"column":17},"end":{"line":118,"column":18}},"loc":{"start":{"line":118,"column":37},"end":{"line":120,"column":1}},"line":118},"3":{"name":"(anonymous_3)","decl":{"start":{"line":119,"column":37},"end":{"line":119,"column":38}},"loc":{"start":{"line":119,"column":46},"end":{"line":119,"column":74}},"line":119},"4":{"name":"(anonymous_4)","decl":{"start":{"line":123,"column":20},"end":{"line":123,"column":21}},"loc":{"start":{"line":123,"column":40},"end":{"line":126,"column":1}},"line":123},"5":{"name":"(anonymous_5)","decl":{"start":{"line":124,"column":25},"end":{"line":124,"column":26}},"loc":{"start":{"line":124,"column":34},"end":{"line":124,"column":61}},"line":124},"6":{"name":"(anonymous_6)","decl":{"start":{"line":128,"column":20},"end":{"line":128,"column":21}},"loc":{"start":{"line":128,"column":40},"end":{"line":180,"column":1}},"line":128},"7":{"name":"(anonymous_7)","decl":{"start":{"line":133,"column":29},"end":{"line":133,"column":30}},"loc":{"start":{"line":133,"column":34},"end":{"line":133,"column":49}},"line":133},"8":{"name":"(anonymous_8)","decl":{"start":{"line":182,"column":20},"end":{"line":182,"column":21}},"loc":{"start":{"line":182,"column":40},"end":{"line":213,"column":1}},"line":182},"9":{"name":"(anonymous_9)","decl":{"start":{"line":186,"column":31},"end":{"line":186,"column":32}},"loc":{"start":{"line":186,"column":36},"end":{"line":186,"column":51}},"line":186},"10":{"name":"(anonymous_10)","decl":{"start":{"line":215,"column":20},"end":{"line":215,"column":21}},"loc":{"start":{"line":215,"column":40},"end":{"line":280,"column":1}},"line":215},"11":{"name":"(anonymous_11)","decl":{"start":{"line":218,"column":31},"end":{"line":218,"column":32}},"loc":{"start":{"line":218,"column":36},"end":{"line":218,"column":57}},"line":218},"12":{"name":"(anonymous_12)","decl":{"start":{"line":225,"column":41},"end":{"line":225,"column":42}},"loc":{"start":{"line":225,"column":50},"end":{"line":232,"column":5}},"line":225},"13":{"name":"(anonymous_13)","decl":{"start":{"line":234,"column":49},"end":{"line":234,"column":50}},"loc":{"start":{"line":234,"column":54},"end":{"line":234,"column":62}},"line":234},"14":{"name":"(anonymous_14)","decl":{"start":{"line":235,"column":39},"end":{"line":235,"column":40}},"loc":{"start":{"line":235,"column":44},"end":{"line":235,"column":66}},"line":235},"15":{"name":"(anonymous_15)","decl":{"start":{"line":239,"column":14},"end":{"line":239,"column":15}},"loc":{"start":{"line":239,"column":19},"end":{"line":239,"column":67}},"line":239},"16":{"name":"(anonymous_16)","decl":{"start":{"line":240,"column":11},"end":{"line":240,"column":12}},"loc":{"start":{"line":240,"column":16},"end":{"line":240,"column":22}},"line":240},"17":{"name":"(anonymous_17)","decl":{"start":{"line":245,"column":27},"end":{"line":245,"column":28}},"loc":{"start":{"line":245,"column":36},"end":{"line":266,"column":5}},"line":245},"18":{"name":"(anonymous_18)","decl":{"start":{"line":251,"column":35},"end":{"line":251,"column":36}},"loc":{"start":{"line":251,"column":40},"end":{"line":251,"column":62}},"line":251},"19":{"name":"(anonymous_19)","decl":{"start":{"line":253,"column":48},"end":{"line":253,"column":49}},"loc":{"start":{"line":253,"column":53},"end":{"line":253,"column":75}},"line":253},"20":{"name":"(anonymous_20)","decl":{"start":{"line":259,"column":25},"end":{"line":259,"column":26}},"loc":{"start":{"line":259,"column":34},"end":{"line":259,"column":60}},"line":259},"21":{"name":"(anonymous_21)","decl":{"start":{"line":282,"column":24},"end":{"line":282,"column":25}},"loc":{"start":{"line":282,"column":44},"end":{"line":291,"column":1}},"line":282},"22":{"name":"(anonymous_22)","decl":{"start":{"line":284,"column":28},"end":{"line":284,"column":29}},"loc":{"start":{"line":284,"column":37},"end":{"line":284,"column":61}},"line":284},"23":{"name":"(anonymous_23)","decl":{"start":{"line":293,"column":23},"end":{"line":293,"column":24}},"loc":{"start":{"line":293,"column":43},"end":{"line":341,"column":1}},"line":293},"24":{"name":"(anonymous_24)","decl":{"start":{"line":298,"column":30},"end":{"line":298,"column":31}},"loc":{"start":{"line":298,"column":35},"end":{"line":298,"column":55}},"line":298},"25":{"name":"(anonymous_25)","decl":{"start":{"line":343,"column":21},"end":{"line":343,"column":22}},"loc":{"start":{"line":343,"column":41},"end":{"line":358,"column":1}},"line":343},"26":{"name":"(anonymous_26)","decl":{"start":{"line":347,"column":28},"end":{"line":347,"column":29}},"loc":{"start":{"line":347,"column":33},"end":{"line":347,"column":53}},"line":347},"27":{"name":"(anonymous_27)","decl":{"start":{"line":352,"column":45},"end":{"line":352,"column":46}},"loc":{"start":{"line":352,"column":54},"end":{"line":352,"column":73}},"line":352}},"branchMap":{"0":{"loc":{"start":{"line":136,"column":2},"end":{"line":138,"column":3}},"type":"if","locations":[{"start":{"line":136,"column":2},"end":{"line":138,"column":3}},{"start":{},"end":{}}],"line":136},"1":{"loc":{"start":{"line":141,"column":2},"end":{"line":143,"column":3}},"type":"if","locations":[{"start":{"line":141,"column":2},"end":{"line":143,"column":3}},{"start":{},"end":{}}],"line":141},"2":{"loc":{"start":{"line":145,"column":2},"end":{"line":147,"column":3}},"type":"if","locations":[{"start":{"line":145,"column":2},"end":{"line":147,"column":3}},{"start":{},"end":{}}],"line":145},"3":{"loc":{"start":{"line":149,"column":2},"end":{"line":151,"column":3}},"type":"if","locations":[{"start":{"line":149,"column":2},"end":{"line":151,"column":3}},{"start":{},"end":{}}],"line":149},"4":{"loc":{"start":{"line":153,"column":2},"end":{"line":155,"column":3}},"type":"if","locations":[{"start":{"line":153,"column":2},"end":{"line":155,"column":3}},{"start":{},"end":{}}],"line":153},"5":{"loc":{"start":{"line":157,"column":2},"end":{"line":159,"column":3}},"type":"if","locations":[{"start":{"line":157,"column":2},"end":{"line":159,"column":3}},{"start":{},"end":{}}],"line":157},"6":{"loc":{"start":{"line":161,"column":2},"end":{"line":163,"column":3}},"type":"if","locations":[{"start":{"line":161,"column":2},"end":{"line":163,"column":3}},{"start":{},"end":{}}],"line":161},"7":{"loc":{"start":{"line":165,"column":2},"end":{"line":167,"column":3}},"type":"if","locations":[{"start":{"line":165,"column":2},"end":{"line":167,"column":3}},{"start":{},"end":{}}],"line":165},"8":{"loc":{"start":{"line":170,"column":2},"end":{"line":172,"column":3}},"type":"if","locations":[{"start":{"line":170,"column":2},"end":{"line":172,"column":3}},{"start":{},"end":{}}],"line":170},"9":{"loc":{"start":{"line":187,"column":4},"end":{"line":189,"column":5}},"type":"if","locations":[{"start":{"line":187,"column":4},"end":{"line":189,"column":5}},{"start":{},"end":{}}],"line":187},"10":{"loc":{"start":{"line":220,"column":4},"end":{"line":222,"column":5}},"type":"if","locations":[{"start":{"line":220,"column":4},"end":{"line":222,"column":5}},{"start":{},"end":{}}],"line":220},"11":{"loc":{"start":{"line":228,"column":8},"end":{"line":230,"column":9}},"type":"if","locations":[{"start":{"line":228,"column":8},"end":{"line":230,"column":9}},{"start":{},"end":{}}],"line":228},"12":{"loc":{"start":{"line":239,"column":19},"end":{"line":239,"column":67}},"type":"binary-expr","locations":[{"start":{"line":239,"column":19},"end":{"line":239,"column":31}},{"start":{"line":239,"column":35},"end":{"line":239,"column":67}}],"line":239},"13":{"loc":{"start":{"line":250,"column":26},"end":{"line":254,"column":14}},"type":"cond-expr","locations":[{"start":{"line":251,"column":10},"end":{"line":251,"column":63}},{"start":{"line":252,"column":10},"end":{"line":254,"column":14}}],"line":250},"14":{"loc":{"start":{"line":252,"column":10},"end":{"line":254,"column":14}},"type":"cond-expr","locations":[{"start":{"line":253,"column":12},"end":{"line":253,"column":76}},{"start":{"line":254,"column":12},"end":{"line":254,"column":14}}],"line":252},"15":{"loc":{"start":{"line":258,"column":8},"end":{"line":259,"column":61}},"type":"binary-expr","locations":[{"start":{"line":258,"column":8},"end":{"line":258,"column":32}},{"start":{"line":259,"column":8},"end":{"line":259,"column":61}}],"line":258},"16":{"loc":{"start":{"line":261,"column":6},"end":{"line":265,"column":7}},"type":"if","locations":[{"start":{"line":261,"column":6},"end":{"line":265,"column":7}},{"start":{"line":263,"column":13},"end":{"line":265,"column":7}}],"line":261},"17":{"loc":{"start":{"line":261,"column":10},"end":{"line":261,"column":38}},"type":"binary-expr","locations":[{"start":{"line":261,"column":10},"end":{"line":261,"column":21}},{"start":{"line":261,"column":25},"end":{"line":261,"column":38}}],"line":261},"18":{"loc":{"start":{"line":269,"column":15},"end":{"line":269,"column":88}},"type":"cond-expr","locations":[{"start":{"line":269,"column":36},"end":{"line":269,"column":59}},{"start":{"line":269,"column":62},"end":{"line":269,"column":88}}],"line":269},"19":{"loc":{"start":{"line":286,"column":2},"end":{"line":290,"column":3}},"type":"if","locations":[{"start":{"line":286,"column":2},"end":{"line":290,"column":3}},{"start":{"line":288,"column":9},"end":{"line":290,"column":3}}],"line":286},"20":{"loc":{"start":{"line":299,"column":4},"end":{"line":301,"column":5}},"type":"if","locations":[{"start":{"line":299,"column":4},"end":{"line":301,"column":5}},{"start":{},"end":{}}],"line":299},"21":{"loc":{"start":{"line":304,"column":4},"end":{"line":306,"column":5}},"type":"if","locations":[{"start":{"line":304,"column":4},"end":{"line":306,"column":5}},{"start":{},"end":{}}],"line":304},"22":{"loc":{"start":{"line":309,"column":4},"end":{"line":311,"column":5}},"type":"if","locations":[{"start":{"line":309,"column":4},"end":{"line":311,"column":5}},{"start":{},"end":{}}],"line":309},"23":{"loc":{"start":{"line":348,"column":2},"end":{"line":350,"column":3}},"type":"if","locations":[{"start":{"line":348,"column":2},"end":{"line":350,"column":3}},{"start":{},"end":{}}],"line":348}},"s":{"0":1,"1":1,"2":9,"3":1,"4":1,"5":1,"6":3,"7":27,"8":1,"9":2,"10":19,"11":2,"12":1,"13":3,"14":3,"15":11,"16":3,"17":1,"18":2,"19":1,"20":2,"21":1,"22":2,"23":0,"24":2,"25":0,"26":2,"27":0,"28":2,"29":0,"30":2,"31":0,"32":2,"33":1,"34":2,"35":2,"36":1,"37":2,"38":2,"39":2,"40":10,"41":2,"42":1,"43":1,"44":1,"45":1,"46":1,"47":0,"48":0,"49":1,"50":1,"51":1,"52":1,"53":1,"54":1,"55":0,"56":1,"57":1,"58":9,"59":9,"60":0,"61":9,"62":1,"63":10,"64":1,"65":2,"66":1,"67":2,"68":0,"69":1,"70":1,"71":1,"72":2,"73":2,"74":2,"75":1,"76":2,"77":2,"78":3,"79":2,"80":0,"81":2,"82":1,"83":0,"84":0,"85":1,"86":0,"87":0,"88":0,"89":0,"90":0,"91":0,"92":1,"93":3,"94":3,"95":3,"96":3,"97":11,"98":3,"99":1,"100":2,"101":0,"102":2,"103":1,"104":1,"105":1,"106":1,"107":1,"108":0,"109":0,"110":1,"111":3,"112":3,"113":3,"114":11,"115":3,"116":1,"117":2,"118":1,"119":2},"f":{"0":9,"1":1,"2":3,"3":27,"4":2,"5":19,"6":3,"7":11,"8":2,"9":10,"10":1,"11":1,"12":9,"13":10,"14":2,"15":2,"16":0,"17":2,"18":1,"19":2,"20":3,"21":0,"22":0,"23":3,"24":11,"25":3,"26":11,"27":1},"b":{"0":[1,2],"1":[1,1],"2":[1,1],"3":[0,2],"4":[0,2],"5":[0,2],"6":[0,2],"7":[0,2],"8":[1,1],"9":[1,1],"10":[0,1],"11":[0,9],"12":[2,2],"13":[1,1],"14":[1,0],"15":[2,2],"16":[0,2],"17":[2,1],"18":[0,1],"19":[0,0],"20":[1,2],"21":[0,2],"22":[1,1],"23":[1,2]},"_coverageSchema":"1a1c01bbd47fc00a2c39e90264f33305004495a9","hash":"b5709846536c861f5402863c0fd372959a84d6c2"}
,"C:\\Users\\katli\\Documents\\School\\Software Design\\Project\\server\\controllers\\NotificationsController.js": {"path":"C:\\Users\\katli\\Documents\\School\\Software Design\\Project\\server\\controllers\\NotificationsController.js","statementMap":{"0":{"start":{"line":4,"column":20},"end":{"line":4,"column":22}},"1":{"start":{"line":7,"column":28},"end":{"line":12,"column":1}},"2":{"start":{"line":8,"column":16},"end":{"line":8,"column":31}},"3":{"start":{"line":9,"column":2},"end":{"line":9,"column":71}},"4":{"start":{"line":9,"column":14},"end":{"line":9,"column":71}},"5":{"start":{"line":10,"column":15},"end":{"line":10,"column":63}},"6":{"start":{"line":10,"column":41},"end":{"line":10,"column":62}},"7":{"start":{"line":11,"column":2},"end":{"line":11,"column":48}},"8":{"start":{"line":15,"column":2},"end":{"line":24,"column":5}},"9":{"start":{"line":28,"column":20},"end":{"line":28,"column":46}},"10":{"start":{"line":29,"column":22},"end":{"line":29,"column":86}},"11":{"start":{"line":31,"column":23},"end":{"line":31,"column":25}},"12":{"start":{"line":33,"column":2},"end":{"line":53,"column":3}},"13":{"start":{"line":33,"column":15},"end":{"line":33,"column":16}},"14":{"start":{"line":34,"column":17},"end":{"line":34,"column":28}},"15":{"start":{"line":36,"column":25},"end":{"line":38,"column":96}},"16":{"start":{"line":40,"column":19},"end":{"line":42,"column":78}},"17":{"start":{"line":44,"column":24},"end":{"line":44,"column":76}},"18":{"start":{"line":47,"column":6},"end":{"line":48,"column":55}},"19":{"start":{"line":48,"column":32},"end":{"line":48,"column":54}},"20":{"start":{"line":50,"column":4},"end":{"line":52,"column":5}},"21":{"start":{"line":51,"column":6},"end":{"line":51,"column":36}},"22":{"start":{"line":55,"column":2},"end":{"line":55,"column":22}},"23":{"start":{"line":60,"column":23},"end":{"line":60,"column":49}},"24":{"start":{"line":61,"column":2},"end":{"line":73,"column":1}},"25":{"start":{"line":61,"column":6},"end":{"line":71,"column":5}},"26":{"start":{"line":62,"column":4},"end":{"line":69,"column":7}},"27":{"start":{"line":72,"column":12},"end":{"line":72,"column":70}},"28":{"start":{"line":77,"column":26},"end":{"line":77,"column":42}},"29":{"start":{"line":78,"column":2},"end":{"line":88,"column":3}},"30":{"start":{"line":78,"column":15},"end":{"line":78,"column":16}},"31":{"start":{"line":79,"column":18},"end":{"line":79,"column":36}},"32":{"start":{"line":80,"column":4},"end":{"line":87,"column":7}},"33":{"start":{"line":92,"column":26},"end":{"line":92,"column":42}},"34":{"start":{"line":93,"column":2},"end":{"line":102,"column":5}},"35":{"start":{"line":94,"column":4},"end":{"line":101,"column":7}},"36":{"start":{"line":106,"column":20},"end":{"line":106,"column":33}},"37":{"start":{"line":107,"column":16},"end":{"line":107,"column":54}},"38":{"start":{"line":107,"column":33},"end":{"line":107,"column":53}},"39":{"start":{"line":108,"column":2},"end":{"line":110,"column":3}},"40":{"start":{"line":109,"column":4},"end":{"line":109,"column":64}},"41":{"start":{"line":111,"column":2},"end":{"line":111,"column":30}},"42":{"start":{"line":112,"column":2},"end":{"line":112,"column":53}}},"fnMap":{"0":{"name":"(anonymous_0)","decl":{"start":{"line":7,"column":28},"end":{"line":7,"column":29}},"loc":{"start":{"line":7,"column":48},"end":{"line":12,"column":1}},"line":7},"1":{"name":"(anonymous_1)","decl":{"start":{"line":10,"column":36},"end":{"line":10,"column":37}},"loc":{"start":{"line":10,"column":41},"end":{"line":10,"column":62}},"line":10},"2":{"name":"pushNotification","decl":{"start":{"line":14,"column":9},"end":{"line":14,"column":25}},"loc":{"start":{"line":14,"column":84},"end":{"line":25,"column":1}},"line":14},"3":{"name":"usersThatMatchEvent","decl":{"start":{"line":27,"column":9},"end":{"line":27,"column":28}},"loc":{"start":{"line":27,"column":36},"end":{"line":56,"column":1}},"line":27},"4":{"name":"(anonymous_4)","decl":{"start":{"line":48,"column":23},"end":{"line":48,"column":24}},"loc":{"start":{"line":48,"column":32},"end":{"line":48,"column":54}},"line":48},"5":{"name":"notifyUsersOfNewEvent","decl":{"start":{"line":59,"column":9},"end":{"line":59,"column":30}},"loc":{"start":{"line":59,"column":38},"end":{"line":74,"column":1}},"line":59},"6":{"name":"(anonymous_6)","decl":{"start":{"line":61,"column":27},"end":{"line":61,"column":28}},"loc":{"start":{"line":61,"column":36},"end":{"line":71,"column":3}},"line":61},"7":{"name":"notifyUsersOfEventUpdate","decl":{"start":{"line":76,"column":9},"end":{"line":76,"column":33}},"loc":{"start":{"line":76,"column":41},"end":{"line":89,"column":1}},"line":76},"8":{"name":"SendReminderForEvent","decl":{"start":{"line":91,"column":9},"end":{"line":91,"column":29}},"loc":{"start":{"line":91,"column":37},"end":{"line":103,"column":1}},"line":91},"9":{"name":"(anonymous_9)","decl":{"start":{"line":93,"column":26},"end":{"line":93,"column":27}},"loc":{"start":{"line":93,"column":35},"end":{"line":102,"column":3}},"line":93},"10":{"name":"remindNow","decl":{"start":{"line":105,"column":9},"end":{"line":105,"column":18}},"loc":{"start":{"line":105,"column":29},"end":{"line":113,"column":1}},"line":105},"11":{"name":"(anonymous_11)","decl":{"start":{"line":107,"column":28},"end":{"line":107,"column":29}},"loc":{"start":{"line":107,"column":33},"end":{"line":107,"column":53}},"line":107}},"branchMap":{"0":{"loc":{"start":{"line":9,"column":2},"end":{"line":9,"column":71}},"type":"if","locations":[{"start":{"line":9,"column":2},"end":{"line":9,"column":71}},{"start":{},"end":{}}],"line":9},"1":{"loc":{"start":{"line":16,"column":15},"end":{"line":16,"column":46}},"type":"binary-expr","locations":[{"start":{"line":16,"column":15},"end":{"line":16,"column":24}},{"start":{"line":16,"column":28},"end":{"line":16,"column":46}}],"line":16},"2":{"loc":{"start":{"line":17,"column":10},"end":{"line":17,"column":24}},"type":"binary-expr","locations":[{"start":{"line":17,"column":10},"end":{"line":17,"column":14}},{"start":{"line":17,"column":18},"end":{"line":17,"column":24}}],"line":17},"3":{"loc":{"start":{"line":18,"column":11},"end":{"line":18,"column":41}},"type":"binary-expr","locations":[{"start":{"line":18,"column":11},"end":{"line":18,"column":16}},{"start":{"line":18,"column":20},"end":{"line":18,"column":41}}],"line":18},"4":{"loc":{"start":{"line":19,"column":17},"end":{"line":19,"column":45}},"type":"binary-expr","locations":[{"start":{"line":19,"column":17},"end":{"line":19,"column":28}},{"start":{"line":19,"column":32},"end":{"line":19,"column":45}}],"line":19},"5":{"loc":{"start":{"line":20,"column":15},"end":{"line":20,"column":32}},"type":"binary-expr","locations":[{"start":{"line":20,"column":15},"end":{"line":20,"column":24}},{"start":{"line":20,"column":28},"end":{"line":20,"column":32}}],"line":20},"6":{"loc":{"start":{"line":23,"column":10},"end":{"line":23,"column":20}},"type":"binary-expr","locations":[{"start":{"line":23,"column":10},"end":{"line":23,"column":14}},{"start":{"line":23,"column":18},"end":{"line":23,"column":20}}],"line":23},"7":{"loc":{"start":{"line":28,"column":21},"end":{"line":28,"column":38}},"type":"binary-expr","locations":[{"start":{"line":28,"column":21},"end":{"line":28,"column":32}},{"start":{"line":28,"column":36},"end":{"line":28,"column":38}}],"line":28},"8":{"loc":{"start":{"line":29,"column":22},"end":{"line":29,"column":86}},"type":"cond-expr","locations":[{"start":{"line":29,"column":61},"end":{"line":29,"column":81}},{"start":{"line":29,"column":84},"end":{"line":29,"column":86}}],"line":29},"9":{"loc":{"start":{"line":36,"column":25},"end":{"line":38,"column":96}},"type":"cond-expr","locations":[{"start":{"line":37,"column":8},"end":{"line":37,"column":25}},{"start":{"line":38,"column":9},"end":{"line":38,"column":95}}],"line":36},"10":{"loc":{"start":{"line":38,"column":9},"end":{"line":38,"column":95}},"type":"cond-expr","locations":[{"start":{"line":38,"column":71},"end":{"line":38,"column":90}},{"start":{"line":38,"column":93},"end":{"line":38,"column":95}}],"line":38},"11":{"loc":{"start":{"line":38,"column":9},"end":{"line":38,"column":68}},"type":"binary-expr","locations":[{"start":{"line":38,"column":9},"end":{"line":38,"column":47}},{"start":{"line":38,"column":51},"end":{"line":38,"column":68}}],"line":38},"12":{"loc":{"start":{"line":40,"column":19},"end":{"line":42,"column":78}},"type":"cond-expr","locations":[{"start":{"line":41,"column":8},"end":{"line":41,"column":19}},{"start":{"line":42,"column":9},"end":{"line":42,"column":77}}],"line":40},"13":{"loc":{"start":{"line":42,"column":9},"end":{"line":42,"column":77}},"type":"cond-expr","locations":[{"start":{"line":42,"column":59},"end":{"line":42,"column":72}},{"start":{"line":42,"column":75},"end":{"line":42,"column":77}}],"line":42},"14":{"loc":{"start":{"line":42,"column":9},"end":{"line":42,"column":56}},"type":"binary-expr","locations":[{"start":{"line":42,"column":9},"end":{"line":42,"column":41}},{"start":{"line":42,"column":45},"end":{"line":42,"column":56}}],"line":42},"15":{"loc":{"start":{"line":44,"column":24},"end":{"line":44,"column":76}},"type":"cond-expr","locations":[{"start":{"line":44,"column":36},"end":{"line":44,"column":68}},{"start":{"line":44,"column":71},"end":{"line":44,"column":76}}],"line":44},"16":{"loc":{"start":{"line":47,"column":6},"end":{"line":48,"column":55}},"type":"binary-expr","locations":[{"start":{"line":47,"column":6},"end":{"line":47,"column":30}},{"start":{"line":48,"column":6},"end":{"line":48,"column":55}}],"line":47},"17":{"loc":{"start":{"line":50,"column":4},"end":{"line":52,"column":5}},"type":"if","locations":[{"start":{"line":50,"column":4},"end":{"line":52,"column":5}},{"start":{},"end":{}}],"line":50},"18":{"loc":{"start":{"line":50,"column":8},"end":{"line":50,"column":36}},"type":"binary-expr","locations":[{"start":{"line":50,"column":8},"end":{"line":50,"column":19}},{"start":{"line":50,"column":23},"end":{"line":50,"column":36}}],"line":50},"19":{"loc":{"start":{"line":108,"column":2},"end":{"line":110,"column":3}},"type":"if","locations":[{"start":{"line":108,"column":2},"end":{"line":110,"column":3}},{"start":{},"end":{}}],"line":108}},"s":{"0":1,"1":1,"2":1,"3":1,"4":0,"5":1,"6":3,"7":1,"8":3,"9":10,"10":10,"11":10,"12":10,"13":10,"14":12,"15":12,"16":12,"17":12,"18":12,"19":9,"20":12,"21":1,"22":10,"23":10,"24":10,"25":10,"26":1,"27":0,"28":2,"29":2,"30":2,"31":0,"32":0,"33":1,"34":1,"35":0,"36":2,"37":2,"38":10,"39":2,"40":1,"41":1,"42":1},"f":{"0":1,"1":3,"2":3,"3":10,"4":9,"5":10,"6":1,"7":2,"8":1,"9":0,"10":2,"11":10},"b":{"0":[0,1],"1":[3,0],"2":[3,0],"3":[3,0],"4":[3,0],"5":[3,0],"6":[3,0],"7":[10,0],"8":[9,1],"9":[12,0],"10":[0,0],"11":[0,0],"12":[12,0],"13":[0,0],"14":[0,0],"15":[12,0],"16":[12,8],"17":[1,11],"18":[12,2],"19":[1,1]},"_coverageSchema":"1a1c01bbd47fc00a2c39e90264f33305004495a9","hash":"a98ba12440ee6941be88b028027beb89dbb5fefb"}
,"C:\\Users\\katli\\Documents\\School\\Software Design\\Project\\server\\controllers\\UserAuthController.js": {"path":"C:\\Users\\katli\\Documents\\School\\Software Design\\Project\\server\\controllers\\UserAuthController.js","statementMap":{"0":{"start":{"line":9,"column":24},"end":{"line":9,"column":59}},"1":{"start":{"line":10,"column":24},"end":{"line":10,"column":59}},"2":{"start":{"line":13,"column":14},"end":{"line":24,"column":1}},"3":{"start":{"line":26,"column":20},"end":{"line":28,"column":1}},"4":{"start":{"line":27,"column":4},"end":{"line":27,"column":31}},"5":{"start":{"line":30,"column":16},"end":{"line":32,"column":1}},"6":{"start":{"line":31,"column":4},"end":{"line":31,"column":65}},"7":{"start":{"line":31,"column":34},"end":{"line":31,"column":63}},"8":{"start":{"line":34,"column":15},"end":{"line":69,"column":1}},"9":{"start":{"line":35,"column":17},"end":{"line":35,"column":66}},"10":{"start":{"line":35,"column":36},"end":{"line":35,"column":65}},"11":{"start":{"line":36,"column":4},"end":{"line":38,"column":5}},"12":{"start":{"line":37,"column":8},"end":{"line":37,"column":58}},"13":{"start":{"line":39,"column":4},"end":{"line":39,"column":41}},"14":{"start":{"line":40,"column":4},"end":{"line":68,"column":5}},"15":{"start":{"line":42,"column":22},"end":{"line":42,"column":46}},"16":{"start":{"line":43,"column":31},"end":{"line":43,"column":73}},"17":{"start":{"line":44,"column":8},"end":{"line":44,"column":25}},"18":{"start":{"line":45,"column":8},"end":{"line":45,"column":35}},"19":{"start":{"line":46,"column":21},"end":{"line":50,"column":9}},"20":{"start":{"line":51,"column":8},"end":{"line":51,"column":24}},"21":{"start":{"line":52,"column":8},"end":{"line":52,"column":31}},"22":{"start":{"line":53,"column":22},"end":{"line":53,"column":96}},"23":{"start":{"line":54,"column":8},"end":{"line":58,"column":11}},"24":{"start":{"line":59,"column":8},"end":{"line":62,"column":10}},"25":{"start":{"line":67,"column":8},"end":{"line":67,"column":55}},"26":{"start":{"line":71,"column":14},"end":{"line":98,"column":1}},"27":{"start":{"line":73,"column":17},"end":{"line":73,"column":66}},"28":{"start":{"line":73,"column":36},"end":{"line":73,"column":65}},"29":{"start":{"line":74,"column":4},"end":{"line":76,"column":5}},"30":{"start":{"line":75,"column":8},"end":{"line":75,"column":55}},"31":{"start":{"line":77,"column":4},"end":{"line":97,"column":5}},"32":{"start":{"line":78,"column":8},"end":{"line":92,"column":9}},"33":{"start":{"line":79,"column":26},"end":{"line":79,"column":100}},"34":{"start":{"line":80,"column":12},"end":{"line":84,"column":15}},"35":{"start":{"line":85,"column":12},"end":{"line":88,"column":14}},"36":{"start":{"line":91,"column":12},"end":{"line":91,"column":50}},"37":{"start":{"line":96,"column":8},"end":{"line":96,"column":44}},"38":{"start":{"line":100,"column":15},"end":{"line":107,"column":1}},"39":{"start":{"line":101,"column":2},"end":{"line":105,"column":5}},"40":{"start":{"line":106,"column":2},"end":{"line":106,"column":63}}},"fnMap":{"0":{"name":"(anonymous_0)","decl":{"start":{"line":26,"column":20},"end":{"line":26,"column":21}},"loc":{"start":{"line":26,"column":40},"end":{"line":28,"column":1}},"line":26},"1":{"name":"(anonymous_1)","decl":{"start":{"line":30,"column":16},"end":{"line":30,"column":17}},"loc":{"start":{"line":30,"column":36},"end":{"line":32,"column":1}},"line":30},"2":{"name":"(anonymous_2)","decl":{"start":{"line":31,"column":26},"end":{"line":31,"column":27}},"loc":{"start":{"line":31,"column":34},"end":{"line":31,"column":63}},"line":31},"3":{"name":"(anonymous_3)","decl":{"start":{"line":34,"column":15},"end":{"line":34,"column":16}},"loc":{"start":{"line":34,"column":35},"end":{"line":69,"column":1}},"line":34},"4":{"name":"(anonymous_4)","decl":{"start":{"line":35,"column":28},"end":{"line":35,"column":29}},"loc":{"start":{"line":35,"column":36},"end":{"line":35,"column":65}},"line":35},"5":{"name":"(anonymous_5)","decl":{"start":{"line":71,"column":14},"end":{"line":71,"column":15}},"loc":{"start":{"line":71,"column":34},"end":{"line":98,"column":1}},"line":71},"6":{"name":"(anonymous_6)","decl":{"start":{"line":73,"column":28},"end":{"line":73,"column":29}},"loc":{"start":{"line":73,"column":36},"end":{"line":73,"column":65}},"line":73},"7":{"name":"(anonymous_7)","decl":{"start":{"line":100,"column":15},"end":{"line":100,"column":16}},"loc":{"start":{"line":100,"column":34},"end":{"line":107,"column":1}},"line":100}},"branchMap":{"0":{"loc":{"start":{"line":36,"column":4},"end":{"line":38,"column":5}},"type":"if","locations":[{"start":{"line":36,"column":4},"end":{"line":38,"column":5}},{"start":{},"end":{}}],"line":36},"1":{"loc":{"start":{"line":74,"column":4},"end":{"line":76,"column":5}},"type":"if","locations":[{"start":{"line":74,"column":4},"end":{"line":76,"column":5}},{"start":{},"end":{}}],"line":74},"2":{"loc":{"start":{"line":78,"column":8},"end":{"line":92,"column":9}},"type":"if","locations":[{"start":{"line":78,"column":8},"end":{"line":92,"column":9}},{"start":{"line":90,"column":12},"end":{"line":92,"column":9}}],"line":78}},"s":{"0":1,"1":1,"2":1,"3":1,"4":1,"5":1,"6":0,"7":0,"8":1,"9":2,"10":4,"11":2,"12":1,"13":1,"14":1,"15":1,"16":1,"17":1,"18":1,"19":1,"20":1,"21":1,"22":1,"23":1,"24":1,"25":0,"26":1,"27":3,"28":7,"29":3,"30":1,"31":2,"32":2,"33":1,"34":1,"35":1,"36":1,"37":0,"38":1,"39":0,"40":0},"f":{"0":1,"1":0,"2":0,"3":2,"4":4,"5":3,"6":7,"7":0},"b":{"0":[1,1],"1":[1,2],"2":[1,1]},"_coverageSchema":"1a1c01bbd47fc00a2c39e90264f33305004495a9","hash":"62be1496e8fdc6ff56f8e8b48385284a14a358c7"}
,"C:\\Users\\katli\\Documents\\School\\Software Design\\Project\\server\\controllers\\UserProfileController.js": {"path":"C:\\Users\\katli\\Documents\\School\\Software Design\\Project\\server\\controllers\\UserProfileController.js","statementMap":{"0":{"start":{"line":3,"column":15},"end":{"line":21,"column":1}},"1":{"start":{"line":22,"column":19},"end":{"line":45,"column":1}},"2":{"start":{"line":24,"column":18},"end":{"line":24,"column":19}},"3":{"start":{"line":25,"column":20},"end":{"line":37,"column":5}},"4":{"start":{"line":39,"column":4},"end":{"line":39,"column":27}},"5":{"start":{"line":40,"column":4},"end":{"line":40,"column":22}},"6":{"start":{"line":42,"column":4},"end":{"line":42,"column":27}},"7":{"start":{"line":46,"column":20},"end":{"line":57,"column":1}},"8":{"start":{"line":47,"column":4},"end":{"line":56,"column":5}},"9":{"start":{"line":48,"column":26},"end":{"line":48,"column":40}},"10":{"start":{"line":50,"column":21},"end":{"line":50,"column":64}},"11":{"start":{"line":50,"column":42},"end":{"line":50,"column":63}},"12":{"start":{"line":51,"column":8},"end":{"line":51,"column":76}},"13":{"start":{"line":51,"column":19},"end":{"line":51,"column":76}},"14":{"start":{"line":53,"column":8},"end":{"line":53,"column":42}},"15":{"start":{"line":55,"column":8},"end":{"line":55,"column":73}},"16":{"start":{"line":58,"column":23},"end":{"line":105,"column":1}},"17":{"start":{"line":59,"column":22},"end":{"line":59,"column":36}},"18":{"start":{"line":60,"column":25},"end":{"line":60,"column":39}},"19":{"start":{"line":62,"column":4},"end":{"line":64,"column":5}},"20":{"start":{"line":63,"column":8},"end":{"line":63,"column":90}},"21":{"start":{"line":66,"column":4},"end":{"line":104,"column":5}},"22":{"start":{"line":67,"column":20},"end":{"line":67,"column":66}},"23":{"start":{"line":67,"column":44},"end":{"line":67,"column":65}},"24":{"start":{"line":69,"column":8},"end":{"line":92,"column":9}},"25":{"start":{"line":71,"column":28},"end":{"line":83,"column":13}},"26":{"start":{"line":85,"column":12},"end":{"line":85,"column":35}},"27":{"start":{"line":86,"column":12},"end":{"line":91,"column":15}},"28":{"start":{"line":95,"column":8},"end":{"line":95,"column":55}},"29":{"start":{"line":96,"column":8},"end":{"line":101,"column":11}},"30":{"start":{"line":103,"column":8},"end":{"line":103,"column":72}}},"fnMap":{"0":{"name":"(anonymous_0)","decl":{"start":{"line":22,"column":19},"end":{"line":22,"column":20}},"loc":{"start":{"line":22,"column":32},"end":{"line":45,"column":1}},"line":22},"1":{"name":"(anonymous_1)","decl":{"start":{"line":46,"column":20},"end":{"line":46,"column":21}},"loc":{"start":{"line":46,"column":40},"end":{"line":57,"column":1}},"line":46},"2":{"name":"(anonymous_2)","decl":{"start":{"line":50,"column":35},"end":{"line":50,"column":36}},"loc":{"start":{"line":50,"column":42},"end":{"line":50,"column":63}},"line":50},"3":{"name":"(anonymous_3)","decl":{"start":{"line":58,"column":23},"end":{"line":58,"column":24}},"loc":{"start":{"line":58,"column":43},"end":{"line":105,"column":1}},"line":58},"4":{"name":"(anonymous_4)","decl":{"start":{"line":67,"column":39},"end":{"line":67,"column":40}},"loc":{"start":{"line":67,"column":44},"end":{"line":67,"column":65}},"line":67}},"branchMap":{"0":{"loc":{"start":{"line":51,"column":8},"end":{"line":51,"column":76}},"type":"if","locations":[{"start":{"line":51,"column":8},"end":{"line":51,"column":76}},{"start":{},"end":{}}],"line":51},"1":{"loc":{"start":{"line":60,"column":25},"end":{"line":60,"column":39}},"type":"binary-expr","locations":[{"start":{"line":60,"column":25},"end":{"line":60,"column":33}},{"start":{"line":60,"column":37},"end":{"line":60,"column":39}}],"line":60},"2":{"loc":{"start":{"line":62,"column":4},"end":{"line":64,"column":5}},"type":"if","locations":[{"start":{"line":62,"column":4},"end":{"line":64,"column":5}},{"start":{},"end":{}}],"line":62},"3":{"loc":{"start":{"line":69,"column":8},"end":{"line":92,"column":9}},"type":"if","locations":[{"start":{"line":69,"column":8},"end":{"line":92,"column":9}},{"start":{},"end":{}}],"line":69}},"s":{"0":1,"1":1,"2":1,"3":1,"4":1,"5":1,"6":1,"7":1,"8":1,"9":1,"10":1,"11":1,"12":1,"13":0,"14":1,"15":0,"16":1,"17":1,"18":1,"19":1,"20":0,"21":1,"22":1,"23":1,"24":1,"25":0,"26":0,"27":0,"28":1,"29":1,"30":0},"f":{"0":1,"1":1,"2":1,"3":1,"4":1},"b":{"0":[0,1],"1":[1,0],"2":[0,1],"3":[0,1]},"_coverageSchema":"1a1c01bbd47fc00a2c39e90264f33305004495a9","hash":"e3d1121cee1764dad46949fe47cbf6b608304072"}
,"C:\\Users\\katli\\Documents\\School\\Software Design\\Project\\server\\controllers\\VolunteerHistController.js": {"path":"C:\\Users\\katli\\Documents\\School\\Software Design\\Project\\server\\controllers\\VolunteerHistController.js","statementMap":{"0":{"start":{"line":5,"column":19},"end":{"line":33,"column":1}},"1":{"start":{"line":6,"column":2},"end":{"line":32,"column":3}},"2":{"start":{"line":7,"column":22},"end":{"line":7,"column":36}},"3":{"start":{"line":9,"column":4},"end":{"line":11,"column":5}},"4":{"start":{"line":10,"column":6},"end":{"line":10,"column":71}},"5":{"start":{"line":12,"column":22},"end":{"line":14,"column":5}},"6":{"start":{"line":13,"column":6},"end":{"line":13,"column":62}},"7":{"start":{"line":16,"column":4},"end":{"line":25,"column":7}},"8":{"start":{"line":17,"column":20},"end":{"line":17,"column":51}},"9":{"start":{"line":18,"column":20},"end":{"line":18,"column":51}},"10":{"start":{"line":20,"column":6},"end":{"line":22,"column":7}},"11":{"start":{"line":21,"column":8},"end":{"line":21,"column":17}},"12":{"start":{"line":24,"column":6},"end":{"line":24,"column":27}},"13":{"start":{"line":27,"column":4},"end":{"line":27,"column":24}},"14":{"start":{"line":30,"column":4},"end":{"line":30,"column":50}},"15":{"start":{"line":31,"column":4},"end":{"line":31,"column":62}}},"fnMap":{"0":{"name":"(anonymous_0)","decl":{"start":{"line":5,"column":19},"end":{"line":5,"column":20}},"loc":{"start":{"line":5,"column":39},"end":{"line":33,"column":1}},"line":5},"1":{"name":"(anonymous_1)","decl":{"start":{"line":12,"column":36},"end":{"line":12,"column":37}},"loc":{"start":{"line":13,"column":6},"end":{"line":13,"column":62}},"line":13},"2":{"name":"(anonymous_2)","decl":{"start":{"line":16,"column":19},"end":{"line":16,"column":20}},"loc":{"start":{"line":16,"column":29},"end":{"line":25,"column":5}},"line":16}},"branchMap":{"0":{"loc":{"start":{"line":9,"column":4},"end":{"line":11,"column":5}},"type":"if","locations":[{"start":{"line":9,"column":4},"end":{"line":11,"column":5}},{"start":{},"end":{}}],"line":9},"1":{"loc":{"start":{"line":13,"column":6},"end":{"line":13,"column":62}},"type":"binary-expr","locations":[{"start":{"line":13,"column":6},"end":{"line":13,"column":22}},{"start":{"line":13,"column":26},"end":{"line":13,"column":62}}],"line":13},"2":{"loc":{"start":{"line":20,"column":6},"end":{"line":22,"column":7}},"type":"if","locations":[{"start":{"line":20,"column":6},"end":{"line":22,"column":7}},{"start":{},"end":{}}],"line":20},"3":{"loc":{"start":{"line":20,"column":10},"end":{"line":20,"column":38}},"type":"binary-expr","locations":[{"start":{"line":20,"column":10},"end":{"line":20,"column":22}},{"start":{"line":20,"column":26},"end":{"line":20,"column":38}}],"line":20}},"s":{"0":1,"1":1,"2":1,"3":1,"4":0,"5":1,"6":9,"7":1,"8":15,"9":15,"10":15,"11":0,"12":15,"13":1,"14":0,"15":0},"f":{"0":1,"1":9,"2":15},"b":{"0":[0,1],"1":[9,9],"2":[0,15],"3":[15,15]},"_coverageSchema":"1a1c01bbd47fc00a2c39e90264f33305004495a9","hash":"5240acc1bc04e9357d687271f1644f5c78b0df6d"}
,"C:\\Users\\katli\\Documents\\School\\Software Design\\Project\\server\\middleware\\authMiddleware.js": {"path":"C:\\Users\\katli\\Documents\\School\\Software Design\\Project\\server\\middleware\\authMiddleware.js","statementMap":{"0":{"start":{"line":3,"column":0},"end":{"line":3,"column":16}},"1":{"start":{"line":7,"column":18},"end":{"line":7,"column":35}},"2":{"start":{"line":8,"column":4},"end":{"line":10,"column":5}},"3":{"start":{"line":9,"column":8},"end":{"line":9,"column":60}},"4":{"start":{"line":12,"column":4},"end":{"line":18,"column":6}},"5":{"start":{"line":13,"column":8},"end":{"line":15,"column":9}},"6":{"start":{"line":14,"column":12},"end":{"line":14,"column":56}},"7":{"start":{"line":16,"column":8},"end":{"line":16,"column":23}},"8":{"start":{"line":17,"column":8},"end":{"line":17,"column":14}}},"fnMap":{"0":{"name":"authenticateToken","decl":{"start":{"line":6,"column":16},"end":{"line":6,"column":33}},"loc":{"start":{"line":6,"column":50},"end":{"line":19,"column":1}},"line":6},"1":{"name":"(anonymous_1)","decl":{"start":{"line":12,"column":48},"end":{"line":12,"column":49}},"loc":{"start":{"line":12,"column":63},"end":{"line":18,"column":5}},"line":12}},"branchMap":{"0":{"loc":{"start":{"line":8,"column":4},"end":{"line":10,"column":5}},"type":"if","locations":[{"start":{"line":8,"column":4},"end":{"line":10,"column":5}},{"start":{},"end":{}}],"line":8},"1":{"loc":{"start":{"line":13,"column":8},"end":{"line":15,"column":9}},"type":"if","locations":[{"start":{"line":13,"column":8},"end":{"line":15,"column":9}},{"start":{},"end":{}}],"line":13}},"s":{"0":1,"1":19,"2":19,"3":4,"4":15,"5":15,"6":2,"7":13,"8":13},"f":{"0":19,"1":15},"b":{"0":[4,15],"1":[2,13]},"_coverageSchema":"1a1c01bbd47fc00a2c39e90264f33305004495a9","hash":"3ebf1e7788ce72c66fee54896541e318b5b1a1bf"}
,"C:\\Users\\katli\\Documents\\School\\Software Design\\Project\\server\\routes\\EventsRoutes.js": {"path":"C:\\Users\\katli\\Documents\\School\\Software Design\\Project\\server\\routes\\EventsRoutes.js","statementMap":{"0":{"start":{"line":8,"column":15},"end":{"line":8,"column":31}},"1":{"start":{"line":9,"column":0},"end":{"line":9,"column":57}},"2":{"start":{"line":9,"column":36},"end":{"line":9,"column":55}},"3":{"start":{"line":10,"column":0},"end":{"line":10,"column":74}},"4":{"start":{"line":10,"column":47},"end":{"line":10,"column":72}},"5":{"start":{"line":11,"column":0},"end":{"line":11,"column":68}},"6":{"start":{"line":11,"column":45},"end":{"line":11,"column":66}},"7":{"start":{"line":12,"column":0},"end":{"line":12,"column":65}},"8":{"start":{"line":12,"column":42},"end":{"line":12,"column":63}},"9":{"start":{"line":13,"column":0},"end":{"line":13,"column":66}},"10":{"start":{"line":13,"column":43},"end":{"line":13,"column":64}},"11":{"start":{"line":14,"column":0},"end":{"line":14,"column":59}},"12":{"start":{"line":14,"column":39},"end":{"line":14,"column":57}},"13":{"start":{"line":15,"column":0},"end":{"line":15,"column":88}},"14":{"start":{"line":15,"column":66},"end":{"line":15,"column":86}},"15":{"start":{"line":16,"column":0},"end":{"line":16,"column":83}},"16":{"start":{"line":16,"column":61},"end":{"line":16,"column":82}},"17":{"start":{"line":17,"column":0},"end":{"line":17,"column":88}},"18":{"start":{"line":17,"column":63},"end":{"line":17,"column":87}},"19":{"start":{"line":18,"column":0},"end":{"line":18,"column":84}},"20":{"start":{"line":18,"column":62},"end":{"line":18,"column":83}}},"fnMap":{"0":{"name":"(anonymous_0)","decl":{"start":{"line":9,"column":22},"end":{"line":9,"column":23}},"loc":{"start":{"line":9,"column":36},"end":{"line":9,"column":55}},"line":9},"1":{"name":"(anonymous_1)","decl":{"start":{"line":10,"column":33},"end":{"line":10,"column":34}},"loc":{"start":{"line":10,"column":47},"end":{"line":10,"column":72}},"line":10},"2":{"name":"(anonymous_2)","decl":{"start":{"line":11,"column":31},"end":{"line":11,"column":32}},"loc":{"start":{"line":11,"column":45},"end":{"line":11,"column":66}},"line":11},"3":{"name":"(anonymous_3)","decl":{"start":{"line":12,"column":28},"end":{"line":12,"column":29}},"loc":{"start":{"line":12,"column":42},"end":{"line":12,"column":63}},"line":12},"4":{"name":"(anonymous_4)","decl":{"start":{"line":13,"column":29},"end":{"line":13,"column":30}},"loc":{"start":{"line":13,"column":43},"end":{"line":13,"column":64}},"line":13},"5":{"name":"(anonymous_5)","decl":{"start":{"line":14,"column":25},"end":{"line":14,"column":26}},"loc":{"start":{"line":14,"column":39},"end":{"line":14,"column":57}},"line":14},"6":{"name":"(anonymous_6)","decl":{"start":{"line":15,"column":52},"end":{"line":15,"column":53}},"loc":{"start":{"line":15,"column":66},"end":{"line":15,"column":86}},"line":15},"7":{"name":"(anonymous_7)","decl":{"start":{"line":16,"column":47},"end":{"line":16,"column":48}},"loc":{"start":{"line":16,"column":61},"end":{"line":16,"column":82}},"line":16},"8":{"name":"(anonymous_8)","decl":{"start":{"line":17,"column":49},"end":{"line":17,"column":50}},"loc":{"start":{"line":17,"column":63},"end":{"line":17,"column":87}},"line":17},"9":{"name":"(anonymous_9)","decl":{"start":{"line":18,"column":48},"end":{"line":18,"column":49}},"loc":{"start":{"line":18,"column":62},"end":{"line":18,"column":83}},"line":18}},"branchMap":{},"s":{"0":1,"1":1,"2":1,"3":1,"4":0,"5":1,"6":2,"7":1,"8":3,"9":1,"10":2,"11":1,"12":3,"13":1,"14":1,"15":1,"16":1,"17":1,"18":3,"19":1,"20":3},"f":{"0":1,"1":0,"2":2,"3":3,"4":2,"5":3,"6":1,"7":1,"8":3,"9":3},"b":{},"_coverageSchema":"1a1c01bbd47fc00a2c39e90264f33305004495a9","hash":"19b90cc827e656ddd161431ba762c2446cb69b56"}
,"C:\\Users\\katli\\Documents\\School\\Software Design\\Project\\server\\routes\\NotificationRoutes.js": {"path":"C:\\Users\\katli\\Documents\\School\\Software Design\\Project\\server\\routes\\NotificationRoutes.js","statementMap":{"0":{"start":{"line":5,"column":15},"end":{"line":5,"column":31}},"1":{"start":{"line":6,"column":0},"end":{"line":6,"column":69}},"2":{"start":{"line":7,"column":0},"end":{"line":7,"column":81}},"3":{"start":{"line":7,"column":60},"end":{"line":7,"column":79}}},"fnMap":{"0":{"name":"(anonymous_0)","decl":{"start":{"line":7,"column":46},"end":{"line":7,"column":47}},"loc":{"start":{"line":7,"column":60},"end":{"line":7,"column":79}},"line":7}},"branchMap":{},"s":{"0":1,"1":1,"2":1,"3":2},"f":{"0":2},"b":{},"_coverageSchema":"1a1c01bbd47fc00a2c39e90264f33305004495a9","hash":"09fab6b2a035698a1ce603f100090e12512c9034"}
,"C:\\Users\\katli\\Documents\\School\\Software Design\\Project\\server\\routes\\UserAuthRoutes.js": {"path":"C:\\Users\\katli\\Documents\\School\\Software Design\\Project\\server\\routes\\UserAuthRoutes.js","statementMap":{"0":{"start":{"line":5,"column":15},"end":{"line":5,"column":31}},"1":{"start":{"line":8,"column":0},"end":{"line":8,"column":62}},"2":{"start":{"line":8,"column":39},"end":{"line":8,"column":60}},"3":{"start":{"line":9,"column":0},"end":{"line":9,"column":72}},"4":{"start":{"line":9,"column":53},"end":{"line":9,"column":70}},"5":{"start":{"line":10,"column":0},"end":{"line":10,"column":62}},"6":{"start":{"line":10,"column":44},"end":{"line":10,"column":60}},"7":{"start":{"line":11,"column":0},"end":{"line":11,"column":60}},"8":{"start":{"line":11,"column":43},"end":{"line":11,"column":58}},"9":{"start":{"line":12,"column":0},"end":{"line":12,"column":61}},"10":{"start":{"line":12,"column":43},"end":{"line":12,"column":59}}},"fnMap":{"0":{"name":"(anonymous_0)","decl":{"start":{"line":8,"column":25},"end":{"line":8,"column":26}},"loc":{"start":{"line":8,"column":39},"end":{"line":8,"column":60}},"line":8},"1":{"name":"(anonymous_1)","decl":{"start":{"line":9,"column":39},"end":{"line":9,"column":40}},"loc":{"start":{"line":9,"column":53},"end":{"line":9,"column":70}},"line":9},"2":{"name":"(anonymous_2)","decl":{"start":{"line":10,"column":24},"end":{"line":10,"column":25}},"loc":{"start":{"line":10,"column":44},"end":{"line":10,"column":60}},"line":10},"3":{"name":"(anonymous_3)","decl":{"start":{"line":11,"column":23},"end":{"line":11,"column":24}},"loc":{"start":{"line":11,"column":43},"end":{"line":11,"column":58}},"line":11},"4":{"name":"(anonymous_4)","decl":{"start":{"line":12,"column":23},"end":{"line":12,"column":24}},"loc":{"start":{"line":12,"column":43},"end":{"line":12,"column":59}},"line":12}},"branchMap":{},"s":{"0":1,"1":1,"2":1,"3":1,"4":0,"5":1,"6":2,"7":1,"8":3,"9":1,"10":0},"f":{"0":1,"1":0,"2":2,"3":3,"4":0},"b":{},"_coverageSchema":"1a1c01bbd47fc00a2c39e90264f33305004495a9","hash":"ff515af336bfac20775a282668a3f71cd0d89434"}
,"C:\\Users\\katli\\Documents\\School\\Software Design\\Project\\server\\routes\\UserProfileRoutes.js": {"path":"C:\\Users\\katli\\Documents\\School\\Software Design\\Project\\server\\routes\\UserProfileRoutes.js","statementMap":{"0":{"start":{"line":7,"column":15},"end":{"line":7,"column":31}},"1":{"start":{"line":8,"column":0},"end":{"line":8,"column":82}},"2":{"start":{"line":8,"column":59},"end":{"line":8,"column":80}},"3":{"start":{"line":9,"column":0},"end":{"line":9,"column":97}},"4":{"start":{"line":9,"column":71},"end":{"line":9,"column":95}}},"fnMap":{"0":{"name":"(anonymous_0)","decl":{"start":{"line":8,"column":45},"end":{"line":8,"column":46}},"loc":{"start":{"line":8,"column":59},"end":{"line":8,"column":80}},"line":8},"1":{"name":"(anonymous_1)","decl":{"start":{"line":9,"column":57},"end":{"line":9,"column":58}},"loc":{"start":{"line":9,"column":71},"end":{"line":9,"column":95}},"line":9}},"branchMap":{},"s":{"0":1,"1":1,"2":1,"3":1,"4":1},"f":{"0":1,"1":1},"b":{},"_coverageSchema":"1a1c01bbd47fc00a2c39e90264f33305004495a9","hash":"b14713a99be41d4405cbf33ab8d54e2c121eeaf1"}
}
