{"C:\\Users\\katli\\Documents\\School\\Software Design\\Project\\server\\app.js": {"path":"C:\\Users\\katli\\Documents\\School\\Software Design\\Project\\server\\app.js","statementMap":{"0":{"start":{"line":9,"column":12},"end":{"line":9,"column":21}},"1":{"start":{"line":11,"column":0},"end":{"line":14,"column":4}},"2":{"start":{"line":16,"column":0},"end":{"line":16,"column":16}},"3":{"start":{"line":18,"column":0},"end":{"line":18,"column":24}},"4":{"start":{"line":19,"column":0},"end":{"line":19,"column":24}},"5":{"start":{"line":22,"column":0},"end":{"line":22,"column":25}},"6":{"start":{"line":24,"column":0},"end":{"line":24,"column":25}},"7":{"start":{"line":26,"column":0},"end":{"line":26,"column":26}},"8":{"start":{"line":28,"column":0},"end":{"line":28,"column":32}}},"fnMap":{},"branchMap":{},"s":{"0":1,"1":1,"2":1,"3":1,"4":1,"5":1,"6":1,"7":1,"8":1},"f":{},"b":{},"_coverageSchema":"1a1c01bbd47fc00a2c39e90264f33305004495a9","hash":"913caebf5bb95002b7ecd5f714cc2b2b258361d6"}
,"C:\\Users\\katli\\Documents\\School\\Software Design\\Project\\server\\controllers\\EventsController.js": {"path":"C:\\Users\\katli\\Documents\\School\\Software Design\\Project\\server\\controllers\\EventsController.js","statementMap":{"0":{"start":{"line":4,"column":13},"end":{"line":110,"column":1}},"1":{"start":{"line":111,"column":18},"end":{"line":113,"column":1}},"2":{"start":{"line":112,"column":4},"end":{"line":112,"column":32}},"3":{"start":{"line":115,"column":18},"end":{"line":117,"column":1}},"4":{"start":{"line":116,"column":5},"end":{"line":116,"column":79}},"5":{"start":{"line":116,"column":49},"end":{"line":116,"column":77}},"6":{"start":{"line":120,"column":20},"end":{"line":123,"column":1}},"7":{"start":{"line":121,"column":4},"end":{"line":121,"column":64}},"8":{"start":{"line":121,"column":36},"end":{"line":121,"column":63}},"9":{"start":{"line":122,"column":4},"end":{"line":122,"column":32}},"10":{"start":{"line":125,"column":20},"end":{"line":176,"column":1}},"11":{"start":{"line":127,"column":15},"end":{"line":127,"column":28}},"12":{"start":{"line":130,"column":17},"end":{"line":130,"column":50}},"13":{"start":{"line":130,"column":34},"end":{"line":130,"column":49}},"14":{"start":{"line":133,"column":2},"end":{"line":135,"column":3}},"15":{"start":{"line":134,"column":4},"end":{"line":134,"column":64}},"16":{"start":{"line":138,"column":2},"end":{"line":140,"column":3}},"17":{"start":{"line":139,"column":4},"end":{"line":139,"column":46}},"18":{"start":{"line":142,"column":2},"end":{"line":144,"column":3}},"19":{"start":{"line":143,"column":4},"end":{"line":143,"column":40}},"20":{"start":{"line":146,"column":2},"end":{"line":148,"column":3}},"21":{"start":{"line":147,"column":4},"end":{"line":147,"column":52}},"22":{"start":{"line":150,"column":2},"end":{"line":152,"column":3}},"23":{"start":{"line":151,"column":4},"end":{"line":151,"column":38}},"24":{"start":{"line":154,"column":2},"end":{"line":156,"column":3}},"25":{"start":{"line":155,"column":4},"end":{"line":155,"column":32}},"26":{"start":{"line":158,"column":2},"end":{"line":160,"column":3}},"27":{"start":{"line":159,"column":4},"end":{"line":159,"column":32}},"28":{"start":{"line":162,"column":2},"end":{"line":164,"column":3}},"29":{"start":{"line":163,"column":4},"end":{"line":163,"column":56}},"30":{"start":{"line":167,"column":2},"end":{"line":169,"column":3}},"31":{"start":{"line":168,"column":4},"end":{"line":168,"column":35}},"32":{"start":{"line":172,"column":2},"end":{"line":175,"column":5}},"33":{"start":{"line":178,"column":20},"end":{"line":205,"column":1}},"34":{"start":{"line":179,"column":97},"end":{"line":179,"column":105}},"35":{"start":{"line":182,"column":17},"end":{"line":182,"column":50}},"36":{"start":{"line":182,"column":34},"end":{"line":182,"column":49}},"37":{"start":{"line":183,"column":2},"end":{"line":185,"column":3}},"38":{"start":{"line":184,"column":4},"end":{"line":184,"column":69}},"39":{"start":{"line":187,"column":19},"end":{"line":197,"column":3}},"40":{"start":{"line":199,"column":2},"end":{"line":199,"column":24}},"41":{"start":{"line":201,"column":2},"end":{"line":204,"column":5}},"42":{"start":{"line":207,"column":20},"end":{"line":272,"column":1}},"43":{"start":{"line":208,"column":2},"end":{"line":271,"column":3}},"44":{"start":{"line":209,"column":22},"end":{"line":209,"column":36}},"45":{"start":{"line":210,"column":17},"end":{"line":210,"column":58}},"46":{"start":{"line":210,"column":36},"end":{"line":210,"column":57}},"47":{"start":{"line":212,"column":4},"end":{"line":214,"column":5}},"48":{"start":{"line":213,"column":6},"end":{"line":213,"column":65}},"49":{"start":{"line":216,"column":16},"end":{"line":216,"column":26}},"50":{"start":{"line":217,"column":27},"end":{"line":224,"column":6}},"51":{"start":{"line":218,"column":26},"end":{"line":218,"column":65}},"52":{"start":{"line":220,"column":8},"end":{"line":222,"column":9}},"53":{"start":{"line":221,"column":12},"end":{"line":221,"column":25}},"54":{"start":{"line":223,"column":8},"end":{"line":223,"column":32}},"55":{"start":{"line":226,"column":27},"end":{"line":226,"column":63}},"56":{"start":{"line":226,"column":54},"end":{"line":226,"column":62}},"57":{"start":{"line":227,"column":23},"end":{"line":227,"column":67}},"58":{"start":{"line":227,"column":44},"end":{"line":227,"column":66}},"59":{"start":{"line":230,"column":27},"end":{"line":232,"column":23}},"60":{"start":{"line":231,"column":19},"end":{"line":231,"column":67}},"61":{"start":{"line":232,"column":16},"end":{"line":232,"column":22}},"62":{"start":{"line":234,"column":20},"end":{"line":234,"column":22}},"63":{"start":{"line":235,"column":24},"end":{"line":235,"column":26}},"64":{"start":{"line":237,"column":4},"end":{"line":258,"column":7}},"65":{"start":{"line":238,"column":27},"end":{"line":238,"column":44}},"66":{"start":{"line":239,"column":26},"end":{"line":239,"column":63}},"67":{"start":{"line":242,"column":26},"end":{"line":246,"column":14}},"68":{"start":{"line":243,"column":40},"end":{"line":243,"column":62}},"69":{"start":{"line":245,"column":53},"end":{"line":245,"column":75}},"70":{"start":{"line":250,"column":8},"end":{"line":251,"column":61}},"71":{"start":{"line":251,"column":34},"end":{"line":251,"column":60}},"72":{"start":{"line":253,"column":6},"end":{"line":257,"column":7}},"73":{"start":{"line":254,"column":8},"end":{"line":254,"column":28}},"74":{"start":{"line":256,"column":8},"end":{"line":256,"column":32}},"75":{"start":{"line":260,"column":4},"end":{"line":265,"column":7}},"76":{"start":{"line":269,"column":4},"end":{"line":269,"column":23}},"77":{"start":{"line":270,"column":4},"end":{"line":270,"column":61}},"78":{"start":{"line":274,"column":24},"end":{"line":283,"column":1}},"79":{"start":{"line":275,"column":22},"end":{"line":275,"column":42}},"80":{"start":{"line":276,"column":18},"end":{"line":276,"column":64}},"81":{"start":{"line":276,"column":39},"end":{"line":276,"column":63}},"82":{"start":{"line":278,"column":4},"end":{"line":282,"column":5}},"83":{"start":{"line":279,"column":8},"end":{"line":279,"column":24}},"84":{"start":{"line":281,"column":8},"end":{"line":281,"column":48}},"85":{"start":{"line":285,"column":23},"end":{"line":316,"column":1}},"86":{"start":{"line":286,"column":2},"end":{"line":315,"column":3}},"87":{"start":{"line":287,"column":26},"end":{"line":287,"column":34}},"88":{"start":{"line":288,"column":22},"end":{"line":288,"column":36}},"89":{"start":{"line":290,"column":18},"end":{"line":290,"column":56}},"90":{"start":{"line":290,"column":35},"end":{"line":290,"column":55}},"91":{"start":{"line":291,"column":4},"end":{"line":293,"column":5}},"92":{"start":{"line":292,"column":6},"end":{"line":292,"column":66}},"93":{"start":{"line":296,"column":4},"end":{"line":298,"column":5}},"94":{"start":{"line":297,"column":6},"end":{"line":297,"column":64}},"95":{"start":{"line":301,"column":4},"end":{"line":303,"column":5}},"96":{"start":{"line":302,"column":6},"end":{"line":302,"column":91}},"97":{"start":{"line":306,"column":4},"end":{"line":306,"column":37}},"98":{"start":{"line":308,"column":4},"end":{"line":311,"column":7}},"99":{"start":{"line":313,"column":4},"end":{"line":313,"column":23}},"100":{"start":{"line":314,"column":4},"end":{"line":314,"column":61}},"101":{"start":{"line":318,"column":21},"end":{"line":333,"column":1}},"102":{"start":{"line":319,"column":24},"end":{"line":319,"column":32}},"103":{"start":{"line":320,"column":20},"end":{"line":320,"column":34}},"104":{"start":{"line":322,"column":16},"end":{"line":322,"column":54}},"105":{"start":{"line":322,"column":33},"end":{"line":322,"column":53}},"106":{"start":{"line":323,"column":2},"end":{"line":325,"column":3}},"107":{"start":{"line":324,"column":4},"end":{"line":324,"column":64}},"108":{"start":{"line":327,"column":2},"end":{"line":327,"column":75}},"109":{"start":{"line":327,"column":54},"end":{"line":327,"column":73}},"110":{"start":{"line":329,"column":2},"end":{"line":332,"column":5}}},"fnMap":{"0":{"name":"(anonymous_0)","decl":{"start":{"line":111,"column":18},"end":{"line":111,"column":19}},"loc":{"start":{"line":111,"column":38},"end":{"line":113,"column":1}},"line":111},"1":{"name":"(anonymous_1)","decl":{"start":{"line":115,"column":18},"end":{"line":115,"column":19}},"loc":{"start":{"line":115,"column":38},"end":{"line":117,"column":1}},"line":115},"2":{"name":"(anonymous_2)","decl":{"start":{"line":116,"column":40},"end":{"line":116,"column":41}},"loc":{"start":{"line":116,"column":49},"end":{"line":116,"column":77}},"line":116},"3":{"name":"(anonymous_3)","decl":{"start":{"line":120,"column":20},"end":{"line":120,"column":21}},"loc":{"start":{"line":120,"column":40},"end":{"line":123,"column":1}},"line":120},"4":{"name":"(anonymous_4)","decl":{"start":{"line":121,"column":27},"end":{"line":121,"column":28}},"loc":{"start":{"line":121,"column":36},"end":{"line":121,"column":63}},"line":121},"5":{"name":"(anonymous_5)","decl":{"start":{"line":125,"column":20},"end":{"line":125,"column":21}},"loc":{"start":{"line":125,"column":40},"end":{"line":176,"column":1}},"line":125},"6":{"name":"(anonymous_6)","decl":{"start":{"line":130,"column":29},"end":{"line":130,"column":30}},"loc":{"start":{"line":130,"column":34},"end":{"line":130,"column":49}},"line":130},"7":{"name":"(anonymous_7)","decl":{"start":{"line":178,"column":20},"end":{"line":178,"column":21}},"loc":{"start":{"line":178,"column":40},"end":{"line":205,"column":1}},"line":178},"8":{"name":"(anonymous_8)","decl":{"start":{"line":182,"column":29},"end":{"line":182,"column":30}},"loc":{"start":{"line":182,"column":34},"end":{"line":182,"column":49}},"line":182},"9":{"name":"(anonymous_9)","decl":{"start":{"line":207,"column":20},"end":{"line":207,"column":21}},"loc":{"start":{"line":207,"column":40},"end":{"line":272,"column":1}},"line":207},"10":{"name":"(anonymous_10)","decl":{"start":{"line":210,"column":31},"end":{"line":210,"column":32}},"loc":{"start":{"line":210,"column":36},"end":{"line":210,"column":57}},"line":210},"11":{"name":"(anonymous_11)","decl":{"start":{"line":217,"column":41},"end":{"line":217,"column":42}},"loc":{"start":{"line":217,"column":50},"end":{"line":224,"column":5}},"line":217},"12":{"name":"(anonymous_12)","decl":{"start":{"line":226,"column":49},"end":{"line":226,"column":50}},"loc":{"start":{"line":226,"column":54},"end":{"line":226,"column":62}},"line":226},"13":{"name":"(anonymous_13)","decl":{"start":{"line":227,"column":39},"end":{"line":227,"column":40}},"loc":{"start":{"line":227,"column":44},"end":{"line":227,"column":66}},"line":227},"14":{"name":"(anonymous_14)","decl":{"start":{"line":231,"column":14},"end":{"line":231,"column":15}},"loc":{"start":{"line":231,"column":19},"end":{"line":231,"column":67}},"line":231},"15":{"name":"(anonymous_15)","decl":{"start":{"line":232,"column":11},"end":{"line":232,"column":12}},"loc":{"start":{"line":232,"column":16},"end":{"line":232,"column":22}},"line":232},"16":{"name":"(anonymous_16)","decl":{"start":{"line":237,"column":27},"end":{"line":237,"column":28}},"loc":{"start":{"line":237,"column":36},"end":{"line":258,"column":5}},"line":237},"17":{"name":"(anonymous_17)","decl":{"start":{"line":243,"column":35},"end":{"line":243,"column":36}},"loc":{"start":{"line":243,"column":40},"end":{"line":243,"column":62}},"line":243},"18":{"name":"(anonymous_18)","decl":{"start":{"line":245,"column":48},"end":{"line":245,"column":49}},"loc":{"start":{"line":245,"column":53},"end":{"line":245,"column":75}},"line":245},"19":{"name":"(anonymous_19)","decl":{"start":{"line":251,"column":25},"end":{"line":251,"column":26}},"loc":{"start":{"line":251,"column":34},"end":{"line":251,"column":60}},"line":251},"20":{"name":"(anonymous_20)","decl":{"start":{"line":274,"column":24},"end":{"line":274,"column":25}},"loc":{"start":{"line":274,"column":44},"end":{"line":283,"column":1}},"line":274},"21":{"name":"(anonymous_21)","decl":{"start":{"line":276,"column":30},"end":{"line":276,"column":31}},"loc":{"start":{"line":276,"column":39},"end":{"line":276,"column":63}},"line":276},"22":{"name":"(anonymous_22)","decl":{"start":{"line":285,"column":23},"end":{"line":285,"column":24}},"loc":{"start":{"line":285,"column":43},"end":{"line":316,"column":1}},"line":285},"23":{"name":"(anonymous_23)","decl":{"start":{"line":290,"column":30},"end":{"line":290,"column":31}},"loc":{"start":{"line":290,"column":35},"end":{"line":290,"column":55}},"line":290},"24":{"name":"(anonymous_24)","decl":{"start":{"line":318,"column":21},"end":{"line":318,"column":22}},"loc":{"start":{"line":318,"column":41},"end":{"line":333,"column":1}},"line":318},"25":{"name":"(anonymous_25)","decl":{"start":{"line":322,"column":28},"end":{"line":322,"column":29}},"loc":{"start":{"line":322,"column":33},"end":{"line":322,"column":53}},"line":322},"26":{"name":"(anonymous_26)","decl":{"start":{"line":327,"column":45},"end":{"line":327,"column":46}},"loc":{"start":{"line":327,"column":54},"end":{"line":327,"column":73}},"line":327}},"branchMap":{"0":{"loc":{"start":{"line":133,"column":2},"end":{"line":135,"column":3}},"type":"if","locations":[{"start":{"line":133,"column":2},"end":{"line":135,"column":3}},{"start":{},"end":{}}],"line":133},"1":{"loc":{"start":{"line":138,"column":2},"end":{"line":140,"column":3}},"type":"if","locations":[{"start":{"line":138,"column":2},"end":{"line":140,"column":3}},{"start":{},"end":{}}],"line":138},"2":{"loc":{"start":{"line":142,"column":2},"end":{"line":144,"column":3}},"type":"if","locations":[{"start":{"line":142,"column":2},"end":{"line":144,"column":3}},{"start":{},"end":{}}],"line":142},"3":{"loc":{"start":{"line":146,"column":2},"end":{"line":148,"column":3}},"type":"if","locations":[{"start":{"line":146,"column":2},"end":{"line":148,"column":3}},{"start":{},"end":{}}],"line":146},"4":{"loc":{"start":{"line":150,"column":2},"end":{"line":152,"column":3}},"type":"if","locations":[{"start":{"line":150,"column":2},"end":{"line":152,"column":3}},{"start":{},"end":{}}],"line":150},"5":{"loc":{"start":{"line":154,"column":2},"end":{"line":156,"column":3}},"type":"if","locations":[{"start":{"line":154,"column":2},"end":{"line":156,"column":3}},{"start":{},"end":{}}],"line":154},"6":{"loc":{"start":{"line":158,"column":2},"end":{"line":160,"column":3}},"type":"if","locations":[{"start":{"line":158,"column":2},"end":{"line":160,"column":3}},{"start":{},"end":{}}],"line":158},"7":{"loc":{"start":{"line":162,"column":2},"end":{"line":164,"column":3}},"type":"if","locations":[{"start":{"line":162,"column":2},"end":{"line":164,"column":3}},{"start":{},"end":{}}],"line":162},"8":{"loc":{"start":{"line":167,"column":2},"end":{"line":169,"column":3}},"type":"if","locations":[{"start":{"line":167,"column":2},"end":{"line":169,"column":3}},{"start":{},"end":{}}],"line":167},"9":{"loc":{"start":{"line":183,"column":2},"end":{"line":185,"column":3}},"type":"if","locations":[{"start":{"line":183,"column":2},"end":{"line":185,"column":3}},{"start":{},"end":{}}],"line":183},"10":{"loc":{"start":{"line":212,"column":4},"end":{"line":214,"column":5}},"type":"if","locations":[{"start":{"line":212,"column":4},"end":{"line":214,"column":5}},{"start":{},"end":{}}],"line":212},"11":{"loc":{"start":{"line":220,"column":8},"end":{"line":222,"column":9}},"type":"if","locations":[{"start":{"line":220,"column":8},"end":{"line":222,"column":9}},{"start":{},"end":{}}],"line":220},"12":{"loc":{"start":{"line":231,"column":19},"end":{"line":231,"column":67}},"type":"binary-expr","locations":[{"start":{"line":231,"column":19},"end":{"line":231,"column":31}},{"start":{"line":231,"column":35},"end":{"line":231,"column":67}}],"line":231},"13":{"loc":{"start":{"line":242,"column":26},"end":{"line":246,"column":14}},"type":"cond-expr","locations":[{"start":{"line":243,"column":10},"end":{"line":243,"column":63}},{"start":{"line":244,"column":10},"end":{"line":246,"column":14}}],"line":242},"14":{"loc":{"start":{"line":244,"column":10},"end":{"line":246,"column":14}},"type":"cond-expr","locations":[{"start":{"line":245,"column":12},"end":{"line":245,"column":76}},{"start":{"line":246,"column":12},"end":{"line":246,"column":14}}],"line":244},"15":{"loc":{"start":{"line":250,"column":8},"end":{"line":251,"column":61}},"type":"binary-expr","locations":[{"start":{"line":250,"column":8},"end":{"line":250,"column":32}},{"start":{"line":251,"column":8},"end":{"line":251,"column":61}}],"line":250},"16":{"loc":{"start":{"line":253,"column":6},"end":{"line":257,"column":7}},"type":"if","locations":[{"start":{"line":253,"column":6},"end":{"line":257,"column":7}},{"start":{"line":255,"column":13},"end":{"line":257,"column":7}}],"line":253},"17":{"loc":{"start":{"line":253,"column":10},"end":{"line":253,"column":38}},"type":"binary-expr","locations":[{"start":{"line":253,"column":10},"end":{"line":253,"column":21}},{"start":{"line":253,"column":25},"end":{"line":253,"column":38}}],"line":253},"18":{"loc":{"start":{"line":261,"column":15},"end":{"line":261,"column":88}},"type":"cond-expr","locations":[{"start":{"line":261,"column":36},"end":{"line":261,"column":59}},{"start":{"line":261,"column":62},"end":{"line":261,"column":88}}],"line":261},"19":{"loc":{"start":{"line":278,"column":4},"end":{"line":282,"column":5}},"type":"if","locations":[{"start":{"line":278,"column":4},"end":{"line":282,"column":5}},{"start":{"line":280,"column":11},"end":{"line":282,"column":5}}],"line":278},"20":{"loc":{"start":{"line":291,"column":4},"end":{"line":293,"column":5}},"type":"if","locations":[{"start":{"line":291,"column":4},"end":{"line":293,"column":5}},{"start":{},"end":{}}],"line":291},"21":{"loc":{"start":{"line":296,"column":4},"end":{"line":298,"column":5}},"type":"if","locations":[{"start":{"line":296,"column":4},"end":{"line":298,"column":5}},{"start":{},"end":{}}],"line":296},"22":{"loc":{"start":{"line":301,"column":4},"end":{"line":303,"column":5}},"type":"if","locations":[{"start":{"line":301,"column":4},"end":{"line":303,"column":5}},{"start":{},"end":{}}],"line":301},"23":{"loc":{"start":{"line":323,"column":2},"end":{"line":325,"column":3}},"type":"if","locations":[{"start":{"line":323,"column":2},"end":{"line":325,"column":3}},{"start":{},"end":{}}],"line":323}},"s":{"0":1,"1":1,"2":1,"3":1,"4":1,"5":9,"6":1,"7":1,"8":10,"9":1,"10":1,"11":0,"12":0,"13":0,"14":0,"15":0,"16":0,"17":0,"18":0,"19":0,"20":0,"21":0,"22":0,"23":0,"24":0,"25":0,"26":0,"27":0,"28":0,"29":0,"30":0,"31":0,"32":0,"33":1,"34":2,"35":2,"36":10,"37":2,"38":1,"39":1,"40":1,"41":1,"42":1,"43":1,"44":1,"45":1,"46":1,"47":1,"48":0,"49":1,"50":1,"51":9,"52":9,"53":0,"54":9,"55":1,"56":10,"57":1,"58":2,"59":1,"60":2,"61":0,"62":1,"63":1,"64":1,"65":2,"66":2,"67":2,"68":1,"69":2,"70":2,"71":3,"72":2,"73":0,"74":2,"75":1,"76":0,"77":0,"78":1,"79":0,"80":0,"81":0,"82":0,"83":0,"84":0,"85":1,"86":3,"87":3,"88":3,"89":3,"90":11,"91":3,"92":1,"93":2,"94":0,"95":2,"96":1,"97":1,"98":1,"99":0,"100":0,"101":1,"102":3,"103":3,"104":3,"105":11,"106":3,"107":1,"108":2,"109":1,"110":2},"f":{"0":1,"1":1,"2":9,"3":1,"4":10,"5":0,"6":0,"7":2,"8":10,"9":1,"10":1,"11":9,"12":10,"13":2,"14":2,"15":0,"16":2,"17":1,"18":2,"19":3,"20":0,"21":0,"22":3,"23":11,"24":3,"25":11,"26":1},"b":{"0":[0,0],"1":[0,0],"2":[0,0],"3":[0,0],"4":[0,0],"5":[0,0],"6":[0,0],"7":[0,0],"8":[0,0],"9":[1,1],"10":[0,1],"11":[0,9],"12":[2,2],"13":[1,1],"14":[1,0],"15":[2,2],"16":[0,2],"17":[2,1],"18":[0,1],"19":[0,0],"20":[1,2],"21":[0,2],"22":[1,1],"23":[1,2]},"_coverageSchema":"1a1c01bbd47fc00a2c39e90264f33305004495a9","hash":"e696cceda07f644ef094256e8cecaa3c1e569eca"}
,"C:\\Users\\katli\\Documents\\School\\Software Design\\Project\\server\\controllers\\UserAuthController.js": {"path":"C:\\Users\\katli\\Documents\\School\\Software Design\\Project\\server\\controllers\\UserAuthController.js","statementMap":{"0":{"start":{"line":9,"column":24},"end":{"line":9,"column":59}},"1":{"start":{"line":10,"column":24},"end":{"line":10,"column":59}},"2":{"start":{"line":13,"column":14},"end":{"line":24,"column":1}},"3":{"start":{"line":26,"column":20},"end":{"line":28,"column":1}},"4":{"start":{"line":27,"column":4},"end":{"line":27,"column":31}},"5":{"start":{"line":30,"column":16},"end":{"line":32,"column":1}},"6":{"start":{"line":31,"column":4},"end":{"line":31,"column":65}},"7":{"start":{"line":31,"column":34},"end":{"line":31,"column":63}},"8":{"start":{"line":34,"column":15},"end":{"line":69,"column":1}},"9":{"start":{"line":35,"column":17},"end":{"line":35,"column":66}},"10":{"start":{"line":35,"column":36},"end":{"line":35,"column":65}},"11":{"start":{"line":36,"column":4},"end":{"line":38,"column":5}},"12":{"start":{"line":37,"column":8},"end":{"line":37,"column":58}},"13":{"start":{"line":39,"column":4},"end":{"line":39,"column":41}},"14":{"start":{"line":40,"column":4},"end":{"line":68,"column":5}},"15":{"start":{"line":42,"column":22},"end":{"line":42,"column":46}},"16":{"start":{"line":43,"column":31},"end":{"line":43,"column":73}},"17":{"start":{"line":44,"column":8},"end":{"line":44,"column":25}},"18":{"start":{"line":45,"column":8},"end":{"line":45,"column":35}},"19":{"start":{"line":46,"column":21},"end":{"line":50,"column":9}},"20":{"start":{"line":51,"column":8},"end":{"line":51,"column":24}},"21":{"start":{"line":52,"column":8},"end":{"line":52,"column":31}},"22":{"start":{"line":53,"column":22},"end":{"line":53,"column":96}},"23":{"start":{"line":54,"column":8},"end":{"line":58,"column":11}},"24":{"start":{"line":59,"column":8},"end":{"line":62,"column":10}},"25":{"start":{"line":67,"column":8},"end":{"line":67,"column":55}},"26":{"start":{"line":71,"column":14},"end":{"line":98,"column":1}},"27":{"start":{"line":73,"column":17},"end":{"line":73,"column":66}},"28":{"start":{"line":73,"column":36},"end":{"line":73,"column":65}},"29":{"start":{"line":74,"column":4},"end":{"line":76,"column":5}},"30":{"start":{"line":75,"column":8},"end":{"line":75,"column":55}},"31":{"start":{"line":77,"column":4},"end":{"line":97,"column":5}},"32":{"start":{"line":78,"column":8},"end":{"line":92,"column":9}},"33":{"start":{"line":79,"column":26},"end":{"line":79,"column":100}},"34":{"start":{"line":80,"column":12},"end":{"line":84,"column":15}},"35":{"start":{"line":85,"column":12},"end":{"line":88,"column":14}},"36":{"start":{"line":91,"column":12},"end":{"line":91,"column":50}},"37":{"start":{"line":96,"column":8},"end":{"line":96,"column":44}},"38":{"start":{"line":100,"column":15},"end":{"line":107,"column":1}},"39":{"start":{"line":101,"column":2},"end":{"line":105,"column":5}},"40":{"start":{"line":106,"column":2},"end":{"line":106,"column":63}}},"fnMap":{"0":{"name":"(anonymous_0)","decl":{"start":{"line":26,"column":20},"end":{"line":26,"column":21}},"loc":{"start":{"line":26,"column":40},"end":{"line":28,"column":1}},"line":26},"1":{"name":"(anonymous_1)","decl":{"start":{"line":30,"column":16},"end":{"line":30,"column":17}},"loc":{"start":{"line":30,"column":36},"end":{"line":32,"column":1}},"line":30},"2":{"name":"(anonymous_2)","decl":{"start":{"line":31,"column":26},"end":{"line":31,"column":27}},"loc":{"start":{"line":31,"column":34},"end":{"line":31,"column":63}},"line":31},"3":{"name":"(anonymous_3)","decl":{"start":{"line":34,"column":15},"end":{"line":34,"column":16}},"loc":{"start":{"line":34,"column":35},"end":{"line":69,"column":1}},"line":34},"4":{"name":"(anonymous_4)","decl":{"start":{"line":35,"column":28},"end":{"line":35,"column":29}},"loc":{"start":{"line":35,"column":36},"end":{"line":35,"column":65}},"line":35},"5":{"name":"(anonymous_5)","decl":{"start":{"line":71,"column":14},"end":{"line":71,"column":15}},"loc":{"start":{"line":71,"column":34},"end":{"line":98,"column":1}},"line":71},"6":{"name":"(anonymous_6)","decl":{"start":{"line":73,"column":28},"end":{"line":73,"column":29}},"loc":{"start":{"line":73,"column":36},"end":{"line":73,"column":65}},"line":73},"7":{"name":"(anonymous_7)","decl":{"start":{"line":100,"column":15},"end":{"line":100,"column":16}},"loc":{"start":{"line":100,"column":34},"end":{"line":107,"column":1}},"line":100}},"branchMap":{"0":{"loc":{"start":{"line":36,"column":4},"end":{"line":38,"column":5}},"type":"if","locations":[{"start":{"line":36,"column":4},"end":{"line":38,"column":5}},{"start":{},"end":{}}],"line":36},"1":{"loc":{"start":{"line":74,"column":4},"end":{"line":76,"column":5}},"type":"if","locations":[{"start":{"line":74,"column":4},"end":{"line":76,"column":5}},{"start":{},"end":{}}],"line":74},"2":{"loc":{"start":{"line":78,"column":8},"end":{"line":92,"column":9}},"type":"if","locations":[{"start":{"line":78,"column":8},"end":{"line":92,"column":9}},{"start":{"line":90,"column":12},"end":{"line":92,"column":9}}],"line":78}},"s":{"0":1,"1":1,"2":1,"3":1,"4":1,"5":1,"6":0,"7":0,"8":1,"9":2,"10":4,"11":2,"12":1,"13":1,"14":1,"15":1,"16":1,"17":1,"18":1,"19":1,"20":1,"21":1,"22":1,"23":1,"24":1,"25":0,"26":1,"27":3,"28":7,"29":3,"30":1,"31":2,"32":2,"33":1,"34":1,"35":1,"36":1,"37":0,"38":1,"39":0,"40":0},"f":{"0":1,"1":0,"2":0,"3":2,"4":4,"5":3,"6":7,"7":0},"b":{"0":[1,1],"1":[1,2],"2":[1,1]},"_coverageSchema":"1a1c01bbd47fc00a2c39e90264f33305004495a9","hash":"62be1496e8fdc6ff56f8e8b48385284a14a358c7"}
,"C:\\Users\\katli\\Documents\\School\\Software Design\\Project\\server\\controllers\\UserProfileController.js": {"path":"C:\\Users\\katli\\Documents\\School\\Software Design\\Project\\server\\controllers\\UserProfileController.js","statementMap":{"0":{"start":{"line":3,"column":15},"end":{"line":21,"column":1}},"1":{"start":{"line":22,"column":19},"end":{"line":30,"column":1}},"2":{"start":{"line":24,"column":18},"end":{"line":24,"column":19}},"3":{"start":{"line":25,"column":20},"end":{"line":25,"column":22}},"4":{"start":{"line":26,"column":4},"end":{"line":26,"column":22}},"5":{"start":{"line":27,"column":4},"end":{"line":27,"column":27}},"6":{"start":{"line":31,"column":20},"end":{"line":42,"column":1}},"7":{"start":{"line":32,"column":4},"end":{"line":41,"column":5}},"8":{"start":{"line":33,"column":26},"end":{"line":33,"column":40}},"9":{"start":{"line":35,"column":21},"end":{"line":35,"column":64}},"10":{"start":{"line":35,"column":42},"end":{"line":35,"column":63}},"11":{"start":{"line":36,"column":8},"end":{"line":36,"column":76}},"12":{"start":{"line":36,"column":19},"end":{"line":36,"column":76}},"13":{"start":{"line":38,"column":8},"end":{"line":38,"column":42}},"14":{"start":{"line":40,"column":8},"end":{"line":40,"column":73}},"15":{"start":{"line":43,"column":23},"end":{"line":90,"column":1}},"16":{"start":{"line":44,"column":22},"end":{"line":44,"column":36}},"17":{"start":{"line":45,"column":25},"end":{"line":45,"column":39}},"18":{"start":{"line":47,"column":4},"end":{"line":49,"column":5}},"19":{"start":{"line":48,"column":8},"end":{"line":48,"column":90}},"20":{"start":{"line":51,"column":4},"end":{"line":89,"column":5}},"21":{"start":{"line":52,"column":20},"end":{"line":52,"column":66}},"22":{"start":{"line":52,"column":44},"end":{"line":52,"column":65}},"23":{"start":{"line":54,"column":8},"end":{"line":77,"column":9}},"24":{"start":{"line":56,"column":28},"end":{"line":68,"column":13}},"25":{"start":{"line":70,"column":12},"end":{"line":70,"column":35}},"26":{"start":{"line":71,"column":12},"end":{"line":76,"column":15}},"27":{"start":{"line":80,"column":8},"end":{"line":80,"column":55}},"28":{"start":{"line":81,"column":8},"end":{"line":86,"column":11}},"29":{"start":{"line":88,"column":8},"end":{"line":88,"column":72}}},"fnMap":{"0":{"name":"(anonymous_0)","decl":{"start":{"line":22,"column":19},"end":{"line":22,"column":20}},"loc":{"start":{"line":22,"column":32},"end":{"line":30,"column":1}},"line":22},"1":{"name":"(anonymous_1)","decl":{"start":{"line":31,"column":20},"end":{"line":31,"column":21}},"loc":{"start":{"line":31,"column":40},"end":{"line":42,"column":1}},"line":31},"2":{"name":"(anonymous_2)","decl":{"start":{"line":35,"column":35},"end":{"line":35,"column":36}},"loc":{"start":{"line":35,"column":42},"end":{"line":35,"column":63}},"line":35},"3":{"name":"(anonymous_3)","decl":{"start":{"line":43,"column":23},"end":{"line":43,"column":24}},"loc":{"start":{"line":43,"column":43},"end":{"line":90,"column":1}},"line":43},"4":{"name":"(anonymous_4)","decl":{"start":{"line":52,"column":39},"end":{"line":52,"column":40}},"loc":{"start":{"line":52,"column":44},"end":{"line":52,"column":65}},"line":52}},"branchMap":{"0":{"loc":{"start":{"line":36,"column":8},"end":{"line":36,"column":76}},"type":"if","locations":[{"start":{"line":36,"column":8},"end":{"line":36,"column":76}},{"start":{},"end":{}}],"line":36},"1":{"loc":{"start":{"line":45,"column":25},"end":{"line":45,"column":39}},"type":"binary-expr","locations":[{"start":{"line":45,"column":25},"end":{"line":45,"column":33}},{"start":{"line":45,"column":37},"end":{"line":45,"column":39}}],"line":45},"2":{"loc":{"start":{"line":47,"column":4},"end":{"line":49,"column":5}},"type":"if","locations":[{"start":{"line":47,"column":4},"end":{"line":49,"column":5}},{"start":{},"end":{}}],"line":47},"3":{"loc":{"start":{"line":54,"column":8},"end":{"line":77,"column":9}},"type":"if","locations":[{"start":{"line":54,"column":8},"end":{"line":77,"column":9}},{"start":{},"end":{}}],"line":54}},"s":{"0":1,"1":1,"2":1,"3":1,"4":1,"5":1,"6":1,"7":1,"8":1,"9":1,"10":1,"11":1,"12":0,"13":1,"14":0,"15":1,"16":1,"17":1,"18":1,"19":0,"20":1,"21":1,"22":1,"23":1,"24":0,"25":0,"26":0,"27":1,"28":1,"29":0},"f":{"0":1,"1":1,"2":1,"3":1,"4":1},"b":{"0":[0,1],"1":[1,0],"2":[0,1],"3":[0,1]},"_coverageSchema":"1a1c01bbd47fc00a2c39e90264f33305004495a9","hash":"e1aca2dc1bb704b59354a9e19f9ec904033ab01d"}
,"C:\\Users\\katli\\Documents\\School\\Software Design\\Project\\server\\controllers\\VolunteerHistController.js": {"path":"C:\\Users\\katli\\Documents\\School\\Software Design\\Project\\server\\controllers\\VolunteerHistController.js","statementMap":{"0":{"start":{"line":5,"column":19},"end":{"line":33,"column":1}},"1":{"start":{"line":6,"column":2},"end":{"line":32,"column":3}},"2":{"start":{"line":7,"column":22},"end":{"line":7,"column":36}},"3":{"start":{"line":9,"column":4},"end":{"line":11,"column":5}},"4":{"start":{"line":10,"column":6},"end":{"line":10,"column":71}},"5":{"start":{"line":12,"column":22},"end":{"line":14,"column":5}},"6":{"start":{"line":13,"column":6},"end":{"line":13,"column":62}},"7":{"start":{"line":16,"column":4},"end":{"line":25,"column":7}},"8":{"start":{"line":17,"column":20},"end":{"line":17,"column":51}},"9":{"start":{"line":18,"column":20},"end":{"line":18,"column":51}},"10":{"start":{"line":20,"column":6},"end":{"line":22,"column":7}},"11":{"start":{"line":21,"column":8},"end":{"line":21,"column":17}},"12":{"start":{"line":24,"column":6},"end":{"line":24,"column":27}},"13":{"start":{"line":27,"column":4},"end":{"line":27,"column":24}},"14":{"start":{"line":30,"column":4},"end":{"line":30,"column":50}},"15":{"start":{"line":31,"column":4},"end":{"line":31,"column":62}}},"fnMap":{"0":{"name":"(anonymous_0)","decl":{"start":{"line":5,"column":19},"end":{"line":5,"column":20}},"loc":{"start":{"line":5,"column":39},"end":{"line":33,"column":1}},"line":5},"1":{"name":"(anonymous_1)","decl":{"start":{"line":12,"column":36},"end":{"line":12,"column":37}},"loc":{"start":{"line":13,"column":6},"end":{"line":13,"column":62}},"line":13},"2":{"name":"(anonymous_2)","decl":{"start":{"line":16,"column":19},"end":{"line":16,"column":20}},"loc":{"start":{"line":16,"column":29},"end":{"line":25,"column":5}},"line":16}},"branchMap":{"0":{"loc":{"start":{"line":9,"column":4},"end":{"line":11,"column":5}},"type":"if","locations":[{"start":{"line":9,"column":4},"end":{"line":11,"column":5}},{"start":{},"end":{}}],"line":9},"1":{"loc":{"start":{"line":13,"column":6},"end":{"line":13,"column":62}},"type":"binary-expr","locations":[{"start":{"line":13,"column":6},"end":{"line":13,"column":22}},{"start":{"line":13,"column":26},"end":{"line":13,"column":62}}],"line":13},"2":{"loc":{"start":{"line":20,"column":6},"end":{"line":22,"column":7}},"type":"if","locations":[{"start":{"line":20,"column":6},"end":{"line":22,"column":7}},{"start":{},"end":{}}],"line":20},"3":{"loc":{"start":{"line":20,"column":10},"end":{"line":20,"column":38}},"type":"binary-expr","locations":[{"start":{"line":20,"column":10},"end":{"line":20,"column":22}},{"start":{"line":20,"column":26},"end":{"line":20,"column":38}}],"line":20}},"s":{"0":1,"1":1,"2":1,"3":1,"4":0,"5":1,"6":9,"7":1,"8":15,"9":15,"10":15,"11":0,"12":15,"13":1,"14":0,"15":0},"f":{"0":1,"1":9,"2":15},"b":{"0":[0,1],"1":[9,9],"2":[0,15],"3":[15,15]},"_coverageSchema":"1a1c01bbd47fc00a2c39e90264f33305004495a9","hash":"5240acc1bc04e9357d687271f1644f5c78b0df6d"}
,"C:\\Users\\katli\\Documents\\School\\Software Design\\Project\\server\\middleware\\authMiddleware.js": {"path":"C:\\Users\\katli\\Documents\\School\\Software Design\\Project\\server\\middleware\\authMiddleware.js","statementMap":{"0":{"start":{"line":3,"column":0},"end":{"line":3,"column":16}},"1":{"start":{"line":7,"column":18},"end":{"line":7,"column":35}},"2":{"start":{"line":8,"column":4},"end":{"line":10,"column":5}},"3":{"start":{"line":9,"column":8},"end":{"line":9,"column":60}},"4":{"start":{"line":12,"column":4},"end":{"line":18,"column":6}},"5":{"start":{"line":13,"column":8},"end":{"line":15,"column":9}},"6":{"start":{"line":14,"column":12},"end":{"line":14,"column":56}},"7":{"start":{"line":16,"column":8},"end":{"line":16,"column":23}},"8":{"start":{"line":17,"column":8},"end":{"line":17,"column":14}}},"fnMap":{"0":{"name":"authenticateToken","decl":{"start":{"line":6,"column":16},"end":{"line":6,"column":33}},"loc":{"start":{"line":6,"column":50},"end":{"line":19,"column":1}},"line":6},"1":{"name":"(anonymous_1)","decl":{"start":{"line":12,"column":48},"end":{"line":12,"column":49}},"loc":{"start":{"line":12,"column":63},"end":{"line":18,"column":5}},"line":12}},"branchMap":{"0":{"loc":{"start":{"line":8,"column":4},"end":{"line":10,"column":5}},"type":"if","locations":[{"start":{"line":8,"column":4},"end":{"line":10,"column":5}},{"start":{},"end":{}}],"line":8},"1":{"loc":{"start":{"line":13,"column":8},"end":{"line":15,"column":9}},"type":"if","locations":[{"start":{"line":13,"column":8},"end":{"line":15,"column":9}},{"start":{},"end":{}}],"line":13}},"s":{"0":1,"1":15,"2":15,"3":3,"4":12,"5":12,"6":2,"7":10,"8":10},"f":{"0":15,"1":12},"b":{"0":[3,12],"1":[2,10]},"_coverageSchema":"1a1c01bbd47fc00a2c39e90264f33305004495a9","hash":"3ebf1e7788ce72c66fee54896541e318b5b1a1bf"}
,"C:\\Users\\katli\\Documents\\School\\Software Design\\Project\\server\\routes\\EventsRoutes.js": {"path":"C:\\Users\\katli\\Documents\\School\\Software Design\\Project\\server\\routes\\EventsRoutes.js","statementMap":{"0":{"start":{"line":8,"column":15},"end":{"line":8,"column":31}},"1":{"start":{"line":9,"column":0},"end":{"line":9,"column":57}},"2":{"start":{"line":9,"column":36},"end":{"line":9,"column":55}},"3":{"start":{"line":10,"column":0},"end":{"line":10,"column":74}},"4":{"start":{"line":10,"column":47},"end":{"line":10,"column":72}},"5":{"start":{"line":11,"column":0},"end":{"line":11,"column":68}},"6":{"start":{"line":11,"column":45},"end":{"line":11,"column":66}},"7":{"start":{"line":12,"column":0},"end":{"line":12,"column":65}},"8":{"start":{"line":12,"column":42},"end":{"line":12,"column":63}},"9":{"start":{"line":13,"column":0},"end":{"line":13,"column":66}},"10":{"start":{"line":13,"column":43},"end":{"line":13,"column":64}},"11":{"start":{"line":14,"column":0},"end":{"line":14,"column":59}},"12":{"start":{"line":14,"column":39},"end":{"line":14,"column":57}},"13":{"start":{"line":15,"column":0},"end":{"line":15,"column":88}},"14":{"start":{"line":15,"column":66},"end":{"line":15,"column":86}},"15":{"start":{"line":16,"column":0},"end":{"line":16,"column":83}},"16":{"start":{"line":16,"column":61},"end":{"line":16,"column":82}},"17":{"start":{"line":17,"column":0},"end":{"line":17,"column":88}},"18":{"start":{"line":17,"column":63},"end":{"line":17,"column":87}},"19":{"start":{"line":18,"column":0},"end":{"line":18,"column":84}},"20":{"start":{"line":18,"column":62},"end":{"line":18,"column":83}}},"fnMap":{"0":{"name":"(anonymous_0)","decl":{"start":{"line":9,"column":22},"end":{"line":9,"column":23}},"loc":{"start":{"line":9,"column":36},"end":{"line":9,"column":55}},"line":9},"1":{"name":"(anonymous_1)","decl":{"start":{"line":10,"column":33},"end":{"line":10,"column":34}},"loc":{"start":{"line":10,"column":47},"end":{"line":10,"column":72}},"line":10},"2":{"name":"(anonymous_2)","decl":{"start":{"line":11,"column":31},"end":{"line":11,"column":32}},"loc":{"start":{"line":11,"column":45},"end":{"line":11,"column":66}},"line":11},"3":{"name":"(anonymous_3)","decl":{"start":{"line":12,"column":28},"end":{"line":12,"column":29}},"loc":{"start":{"line":12,"column":42},"end":{"line":12,"column":63}},"line":12},"4":{"name":"(anonymous_4)","decl":{"start":{"line":13,"column":29},"end":{"line":13,"column":30}},"loc":{"start":{"line":13,"column":43},"end":{"line":13,"column":64}},"line":13},"5":{"name":"(anonymous_5)","decl":{"start":{"line":14,"column":25},"end":{"line":14,"column":26}},"loc":{"start":{"line":14,"column":39},"end":{"line":14,"column":57}},"line":14},"6":{"name":"(anonymous_6)","decl":{"start":{"line":15,"column":52},"end":{"line":15,"column":53}},"loc":{"start":{"line":15,"column":66},"end":{"line":15,"column":86}},"line":15},"7":{"name":"(anonymous_7)","decl":{"start":{"line":16,"column":47},"end":{"line":16,"column":48}},"loc":{"start":{"line":16,"column":61},"end":{"line":16,"column":82}},"line":16},"8":{"name":"(anonymous_8)","decl":{"start":{"line":17,"column":49},"end":{"line":17,"column":50}},"loc":{"start":{"line":17,"column":63},"end":{"line":17,"column":87}},"line":17},"9":{"name":"(anonymous_9)","decl":{"start":{"line":18,"column":48},"end":{"line":18,"column":49}},"loc":{"start":{"line":18,"column":62},"end":{"line":18,"column":83}},"line":18}},"branchMap":{},"s":{"0":1,"1":1,"2":1,"3":1,"4":0,"5":1,"6":1,"7":1,"8":0,"9":1,"10":2,"11":1,"12":1,"13":1,"14":1,"15":1,"16":1,"17":1,"18":3,"19":1,"20":3},"f":{"0":1,"1":0,"2":1,"3":0,"4":2,"5":1,"6":1,"7":1,"8":3,"9":3},"b":{},"_coverageSchema":"1a1c01bbd47fc00a2c39e90264f33305004495a9","hash":"19b90cc827e656ddd161431ba762c2446cb69b56"}
,"C:\\Users\\katli\\Documents\\School\\Software Design\\Project\\server\\routes\\UserAuthRoutes.js": {"path":"C:\\Users\\katli\\Documents\\School\\Software Design\\Project\\server\\routes\\UserAuthRoutes.js","statementMap":{"0":{"start":{"line":5,"column":15},"end":{"line":5,"column":31}},"1":{"start":{"line":8,"column":0},"end":{"line":8,"column":62}},"2":{"start":{"line":8,"column":39},"end":{"line":8,"column":60}},"3":{"start":{"line":9,"column":0},"end":{"line":9,"column":72}},"4":{"start":{"line":9,"column":53},"end":{"line":9,"column":70}},"5":{"start":{"line":10,"column":0},"end":{"line":10,"column":62}},"6":{"start":{"line":10,"column":44},"end":{"line":10,"column":60}},"7":{"start":{"line":11,"column":0},"end":{"line":11,"column":60}},"8":{"start":{"line":11,"column":43},"end":{"line":11,"column":58}},"9":{"start":{"line":12,"column":0},"end":{"line":12,"column":61}},"10":{"start":{"line":12,"column":43},"end":{"line":12,"column":59}}},"fnMap":{"0":{"name":"(anonymous_0)","decl":{"start":{"line":8,"column":25},"end":{"line":8,"column":26}},"loc":{"start":{"line":8,"column":39},"end":{"line":8,"column":60}},"line":8},"1":{"name":"(anonymous_1)","decl":{"start":{"line":9,"column":39},"end":{"line":9,"column":40}},"loc":{"start":{"line":9,"column":53},"end":{"line":9,"column":70}},"line":9},"2":{"name":"(anonymous_2)","decl":{"start":{"line":10,"column":24},"end":{"line":10,"column":25}},"loc":{"start":{"line":10,"column":44},"end":{"line":10,"column":60}},"line":10},"3":{"name":"(anonymous_3)","decl":{"start":{"line":11,"column":23},"end":{"line":11,"column":24}},"loc":{"start":{"line":11,"column":43},"end":{"line":11,"column":58}},"line":11},"4":{"name":"(anonymous_4)","decl":{"start":{"line":12,"column":23},"end":{"line":12,"column":24}},"loc":{"start":{"line":12,"column":43},"end":{"line":12,"column":59}},"line":12}},"branchMap":{},"s":{"0":1,"1":1,"2":1,"3":1,"4":0,"5":1,"6":2,"7":1,"8":3,"9":1,"10":0},"f":{"0":1,"1":0,"2":2,"3":3,"4":0},"b":{},"_coverageSchema":"1a1c01bbd47fc00a2c39e90264f33305004495a9","hash":"ff515af336bfac20775a282668a3f71cd0d89434"}
,"C:\\Users\\katli\\Documents\\School\\Software Design\\Project\\server\\routes\\UserProfileRoutes.js": {"path":"C:\\Users\\katli\\Documents\\School\\Software Design\\Project\\server\\routes\\UserProfileRoutes.js","statementMap":{"0":{"start":{"line":7,"column":15},"end":{"line":7,"column":31}},"1":{"start":{"line":8,"column":0},"end":{"line":8,"column":82}},"2":{"start":{"line":8,"column":59},"end":{"line":8,"column":80}},"3":{"start":{"line":9,"column":0},"end":{"line":9,"column":97}},"4":{"start":{"line":9,"column":71},"end":{"line":9,"column":95}}},"fnMap":{"0":{"name":"(anonymous_0)","decl":{"start":{"line":8,"column":45},"end":{"line":8,"column":46}},"loc":{"start":{"line":8,"column":59},"end":{"line":8,"column":80}},"line":8},"1":{"name":"(anonymous_1)","decl":{"start":{"line":9,"column":57},"end":{"line":9,"column":58}},"loc":{"start":{"line":9,"column":71},"end":{"line":9,"column":95}},"line":9}},"branchMap":{},"s":{"0":1,"1":1,"2":1,"3":1,"4":1},"f":{"0":1,"1":1},"b":{},"_coverageSchema":"1a1c01bbd47fc00a2c39e90264f33305004495a9","hash":"b14713a99be41d4405cbf33ab8d54e2c121eeaf1"}
}
