TN:
SF:app.js
FNF:0
FNH:0
DA:10,1
DA:12,1
DA:17,1
DA:19,1
DA:20,1
DA:23,1
DA:25,1
DA:27,1
DA:29,1
DA:30,1
LF:10
LH:10
BRF:0
BRH:0
end_of_record
TN:
SF:controllers\EventsController.js
FN:112,(anonymous_0)
FN:114,(anonymous_1)
FN:118,(anonymous_2)
FN:119,(anonymous_3)
FN:123,(anonymous_4)
FN:124,(anonymous_5)
FN:128,(anonymous_6)
FN:133,(anonymous_7)
FN:182,(anonymous_8)
FN:186,(anonymous_9)
FN:215,(anonymous_10)
FN:218,(anonymous_11)
FN:225,(anonymous_12)
FN:234,(anonymous_13)
FN:235,(anonymous_14)
FN:239,(anonymous_15)
FN:240,(anonymous_16)
FN:245,(anonymous_17)
FN:251,(anonymous_18)
FN:253,(anonymous_19)
FN:259,(anonymous_20)
FN:282,(anonymous_21)
FN:284,(anonymous_22)
FN:293,(anonymous_23)
FN:298,(anonymous_24)
FN:343,(anonymous_25)
FN:347,(anonymous_26)
FN:352,(anonymous_27)
FNF:28
FNH:25
FNDA:9,(anonymous_0)
FNDA:1,(anonymous_1)
FNDA:3,(anonymous_2)
FNDA:27,(anonymous_3)
FNDA:2,(anonymous_4)
FNDA:19,(anonymous_5)
FNDA:3,(anonymous_6)
FNDA:11,(anonymous_7)
FNDA:2,(anonymous_8)
FNDA:10,(anonymous_9)
FNDA:1,(anonymous_10)
FNDA:1,(anonymous_11)
FNDA:9,(anonymous_12)
FNDA:10,(anonymous_13)
FNDA:2,(anonymous_14)
FNDA:2,(anonymous_15)
FNDA:0,(anonymous_16)
FNDA:2,(anonymous_17)
FNDA:1,(anonymous_18)
FNDA:2,(anonymous_19)
FNDA:3,(anonymous_20)
FNDA:0,(anonymous_21)
FNDA:0,(anonymous_22)
FNDA:3,(anonymous_23)
FNDA:11,(anonymous_24)
FNDA:3,(anonymous_25)
FNDA:11,(anonymous_26)
FNDA:1,(anonymous_27)
DA:5,1
DA:112,9
DA:114,1
DA:115,1
DA:118,1
DA:119,27
DA:123,1
DA:124,19
DA:125,2
DA:128,1
DA:130,3
DA:133,11
DA:136,3
DA:137,1
DA:141,2
DA:142,1
DA:145,2
DA:146,1
DA:149,2
DA:150,0
DA:153,2
DA:154,0
DA:157,2
DA:158,0
DA:161,2
DA:162,0
DA:165,2
DA:166,0
DA:170,2
DA:171,1
DA:173,2
DA:176,2
DA:182,1
DA:183,2
DA:184,2
DA:186,10
DA:187,2
DA:188,1
DA:191,1
DA:203,1
DA:204,1
DA:205,1
DA:210,0
DA:211,0
DA:215,1
DA:216,1
DA:217,1
DA:218,1
DA:220,1
DA:221,0
DA:224,1
DA:225,1
DA:226,9
DA:228,9
DA:229,0
DA:231,9
DA:234,10
DA:235,2
DA:238,1
DA:239,2
DA:240,0
DA:242,1
DA:243,1
DA:245,1
DA:246,2
DA:247,2
DA:250,2
DA:251,1
DA:253,2
DA:258,2
DA:259,3
DA:261,2
DA:262,0
DA:264,2
DA:268,1
DA:277,0
DA:278,0
DA:282,1
DA:283,0
DA:284,0
DA:286,0
DA:287,0
DA:289,0
DA:293,1
DA:294,3
DA:295,3
DA:296,3
DA:298,11
DA:299,3
DA:300,1
DA:304,2
DA:305,0
DA:309,2
DA:310,1
DA:314,1
DA:315,1
DA:324,1
DA:333,1
DA:338,0
DA:339,0
DA:343,1
DA:344,3
DA:345,3
DA:347,11
DA:348,3
DA:349,1
DA:352,2
DA:354,2
LF:108
LH:87
BRDA:136,0,0,1
BRDA:136,0,1,2
BRDA:141,1,0,1
BRDA:141,1,1,1
BRDA:145,2,0,1
BRDA:145,2,1,1
BRDA:149,3,0,0
BRDA:149,3,1,2
BRDA:153,4,0,0
BRDA:153,4,1,2
BRDA:157,5,0,0
BRDA:157,5,1,2
BRDA:161,6,0,0
BRDA:161,6,1,2
BRDA:165,7,0,0
BRDA:165,7,1,2
BRDA:170,8,0,1
BRDA:170,8,1,1
BRDA:187,9,0,1
BRDA:187,9,1,1
BRDA:220,10,0,0
BRDA:220,10,1,1
BRDA:228,11,0,0
BRDA:228,11,1,9
BRDA:239,12,0,2
BRDA:239,12,1,2
BRDA:250,13,0,1
BRDA:250,13,1,1
BRDA:252,14,0,1
BRDA:252,14,1,0
BRDA:258,15,0,2
BRDA:258,15,1,2
BRDA:261,16,0,0
BRDA:261,16,1,2
BRDA:261,17,0,2
BRDA:261,17,1,1
BRDA:269,18,0,0
BRDA:269,18,1,1
BRDA:286,19,0,0
BRDA:286,19,1,0
BRDA:299,20,0,1
BRDA:299,20,1,2
BRDA:304,21,0,0
BRDA:304,21,1,2
BRDA:309,22,0,1
BRDA:309,22,1,1
BRDA:348,23,0,1
BRDA:348,23,1,2
BRF:48
BRH:35
end_of_record
TN:
SF:controllers\NotificationsController.js
FN:7,(anonymous_0)
FN:10,(anonymous_1)
FN:14,pushNotification
FN:27,usersThatMatchEvent
FN:48,(anonymous_4)
FN:59,notifyUsersOfNewEvent
FN:61,(anonymous_6)
FN:76,notifyUsersOfEventUpdate
FN:91,SendReminderForEvent
FN:93,(anonymous_9)
FN:105,remindNow
FN:107,(anonymous_11)
FNF:12
FNH:11
FNDA:1,(anonymous_0)
FNDA:3,(anonymous_1)
FNDA:3,pushNotification
FNDA:10,usersThatMatchEvent
FNDA:9,(anonymous_4)
FNDA:10,notifyUsersOfNewEvent
FNDA:1,(anonymous_6)
FNDA:2,notifyUsersOfEventUpdate
FNDA:1,SendReminderForEvent
FNDA:0,(anonymous_9)
FNDA:2,remindNow
FNDA:10,(anonymous_11)
DA:4,1
DA:7,1
DA:8,1
DA:9,1
DA:10,3
DA:11,1
DA:15,3
DA:28,10
DA:29,10
DA:31,10
DA:33,10
DA:34,12
DA:36,12
DA:40,12
DA:44,12
DA:47,12
DA:48,9
DA:50,12
DA:51,1
DA:55,10
DA:60,10
DA:61,10
DA:62,1
DA:72,0
DA:77,2
DA:78,2
DA:79,0
DA:80,0
DA:92,1
DA:93,1
DA:94,0
DA:106,2
DA:107,10
DA:108,2
DA:109,1
DA:111,1
DA:112,1
LF:37
LH:33
BRDA:9,0,0,0
BRDA:9,0,1,1
BRDA:16,1,0,3
BRDA:16,1,1,0
BRDA:17,2,0,3
BRDA:17,2,1,0
BRDA:18,3,0,3
BRDA:18,3,1,0
BRDA:19,4,0,3
BRDA:19,4,1,0
BRDA:20,5,0,3
BRDA:20,5,1,0
BRDA:23,6,0,3
BRDA:23,6,1,0
BRDA:28,7,0,10
BRDA:28,7,1,0
BRDA:29,8,0,9
BRDA:29,8,1,1
BRDA:36,9,0,12
BRDA:36,9,1,0
BRDA:38,10,0,0
BRDA:38,10,1,0
BRDA:38,11,0,0
BRDA:38,11,1,0
BRDA:40,12,0,12
BRDA:40,12,1,0
BRDA:42,13,0,0
BRDA:42,13,1,0
BRDA:42,14,0,0
BRDA:42,14,1,0
BRDA:44,15,0,12
BRDA:44,15,1,0
BRDA:47,16,0,12
BRDA:47,16,1,8
BRDA:50,17,0,1
BRDA:50,17,1,11
BRDA:50,18,0,12
BRDA:50,18,1,2
BRDA:108,19,0,1
BRDA:108,19,1,1
BRF:40
BRH:21
end_of_record
TN:
SF:controllers\UserAuthController.js
FN:26,(anonymous_0)
FN:30,(anonymous_1)
FN:31,(anonymous_2)
FN:34,(anonymous_3)
FN:35,(anonymous_4)
FN:71,(anonymous_5)
FN:73,(anonymous_6)
FN:100,(anonymous_7)
FNF:8
FNH:5
FNDA:1,(anonymous_0)
FNDA:0,(anonymous_1)
FNDA:0,(anonymous_2)
FNDA:2,(anonymous_3)
FNDA:4,(anonymous_4)
FNDA:3,(anonymous_5)
FNDA:7,(anonymous_6)
FNDA:0,(anonymous_7)
DA:9,1
DA:10,1
DA:13,1
DA:26,1
DA:27,1
DA:30,1
DA:31,0
DA:34,1
DA:35,4
DA:36,2
DA:37,1
DA:39,1
DA:40,1
DA:42,1
DA:43,1
DA:44,1
DA:45,1
DA:46,1
DA:51,1
DA:52,1
DA:53,1
DA:54,1
DA:59,1
DA:67,0
DA:71,1
DA:73,7
DA:74,3
DA:75,1
DA:77,2
DA:78,2
DA:79,1
DA:80,1
DA:85,1
DA:91,1
DA:96,0
DA:100,1
DA:101,0
DA:106,0
LF:38
LH:33
BRDA:36,0,0,1
BRDA:36,0,1,1
BRDA:74,1,0,1
BRDA:74,1,1,2
BRDA:78,2,0,1
BRDA:78,2,1,1
BRF:6
BRH:6
end_of_record
TN:
SF:controllers\UserProfileController.js
FN:22,(anonymous_0)
FN:46,(anonymous_1)
FN:50,(anonymous_2)
FN:58,(anonymous_3)
FN:67,(anonymous_4)
FNF:5
FNH:5
FNDA:1,(anonymous_0)
FNDA:1,(anonymous_1)
FNDA:1,(anonymous_2)
FNDA:1,(anonymous_3)
FNDA:1,(anonymous_4)
DA:3,1
DA:22,1
DA:24,1
DA:25,1
DA:39,1
DA:40,1
DA:42,1
DA:46,1
DA:47,1
DA:48,1
DA:50,1
DA:51,1
DA:53,1
DA:55,0
DA:58,1
DA:59,1
DA:60,1
DA:62,1
DA:63,0
DA:66,1
DA:67,1
DA:69,1
DA:71,0
DA:85,0
DA:86,0
DA:95,1
DA:96,1
DA:103,0
LF:28
LH:22
BRDA:51,0,0,0
BRDA:51,0,1,1
BRDA:60,1,0,1
BRDA:60,1,1,0
BRDA:62,2,0,0
BRDA:62,2,1,1
BRDA:69,3,0,0
BRDA:69,3,1,1
BRF:8
BRH:4
end_of_record
TN:
SF:controllers\VolunteerHistController.js
FN:5,(anonymous_0)
FN:12,(anonymous_1)
FN:16,(anonymous_2)
FNF:3
FNH:3
FNDA:1,(anonymous_0)
FNDA:9,(anonymous_1)
FNDA:15,(anonymous_2)
DA:5,1
DA:6,1
DA:7,1
DA:9,1
DA:10,0
DA:12,1
DA:13,9
DA:16,1
DA:17,15
DA:18,15
DA:20,15
DA:21,0
DA:24,15
DA:27,1
DA:30,0
DA:31,0
LF:16
LH:12
BRDA:9,0,0,0
BRDA:9,0,1,1
BRDA:13,1,0,9
BRDA:13,1,1,9
BRDA:20,2,0,0
BRDA:20,2,1,15
BRDA:20,3,0,15
BRDA:20,3,1,15
BRF:8
BRH:6
end_of_record
TN:
SF:middleware\authMiddleware.js
FN:6,authenticateToken
FN:12,(anonymous_1)
FNF:2
FNH:2
FNDA:19,authenticateToken
FNDA:15,(anonymous_1)
DA:3,1
DA:7,19
DA:8,19
DA:9,4
DA:12,15
DA:13,15
DA:14,2
DA:16,13
DA:17,13
LF:9
LH:9
BRDA:8,0,0,4
BRDA:8,0,1,15
BRDA:13,1,0,2
BRDA:13,1,1,13
BRF:4
BRH:4
end_of_record
TN:
SF:routes\EventsRoutes.js
FN:9,(anonymous_0)
FN:10,(anonymous_1)
FN:11,(anonymous_2)
FN:12,(anonymous_3)
FN:13,(anonymous_4)
FN:14,(anonymous_5)
FN:15,(anonymous_6)
FN:16,(anonymous_7)
FN:17,(anonymous_8)
FN:18,(anonymous_9)
FNF:10
FNH:9
FNDA:1,(anonymous_0)
FNDA:0,(anonymous_1)
FNDA:2,(anonymous_2)
FNDA:3,(anonymous_3)
FNDA:2,(anonymous_4)
FNDA:3,(anonymous_5)
FNDA:1,(anonymous_6)
FNDA:1,(anonymous_7)
FNDA:3,(anonymous_8)
FNDA:3,(anonymous_9)
DA:8,1
DA:9,1
DA:10,1
DA:11,2
DA:12,3
DA:13,2
DA:14,3
DA:15,1
DA:16,1
DA:17,3
DA:18,3
LF:11
LH:11
BRF:0
BRH:0
end_of_record
TN:
SF:routes\NotificationRoutes.js
FN:7,(anonymous_0)
FNF:1
FNH:1
FNDA:2,(anonymous_0)
DA:5,1
DA:6,1
DA:7,2
LF:3
LH:3
BRF:0
BRH:0
end_of_record
TN:
SF:routes\UserAuthRoutes.js
FN:8,(anonymous_0)
FN:9,(anonymous_1)
FN:10,(anonymous_2)
FN:11,(anonymous_3)
FN:12,(anonymous_4)
FNF:5
FNH:3
FNDA:1,(anonymous_0)
FNDA:0,(anonymous_1)
FNDA:2,(anonymous_2)
FNDA:3,(anonymous_3)
FNDA:0,(anonymous_4)
DA:5,1
DA:8,1
DA:9,1
DA:10,2
DA:11,3
DA:12,1
LF:6
LH:6
BRF:0
BRH:0
end_of_record
TN:
SF:routes\UserProfileRoutes.js
FN:8,(anonymous_0)
FN:9,(anonymous_1)
FNF:2
FNH:2
FNDA:1,(anonymous_0)
FNDA:1,(anonymous_1)
DA:7,1
DA:8,1
DA:9,1
LF:3
LH:3
BRF:0
BRH:0
end_of_record
