TN:
SF:app.js
FNF:0
FNH:0
DA:9,1
DA:11,1
DA:16,1
DA:18,1
DA:19,1
DA:22,1
DA:24,1
DA:26,1
DA:28,1
LF:9
LH:9
BRF:0
BRH:0
end_of_record
TN:
SF:controllers\EventsController.js
FN:111,(anonymous_0)
FN:115,(anonymous_1)
FN:116,(anonymous_2)
FN:120,(anonymous_3)
FN:121,(anonymous_4)
FN:125,(anonymous_5)
FN:130,(anonymous_6)
FN:178,(anonymous_7)
FN:182,(anonymous_8)
FN:207,(anonymous_9)
FN:210,(anonymous_10)
FN:217,(anonymous_11)
FN:226,(anonymous_12)
FN:227,(anonymous_13)
FN:231,(anonymous_14)
FN:232,(anonymous_15)
FN:237,(anonymous_16)
FN:243,(anonymous_17)
FN:245,(anonymous_18)
FN:251,(anonymous_19)
FN:274,(anonymous_20)
FN:276,(anonymous_21)
FN:285,(anonymous_22)
FN:290,(anonymous_23)
FN:318,(anonymous_24)
FN:322,(anonymous_25)
FN:327,(anonymous_26)
FNF:27
FNH:22
FNDA:1,(anonymous_0)
FNDA:1,(anonymous_1)
FNDA:9,(anonymous_2)
FNDA:1,(anonymous_3)
FNDA:10,(anonymous_4)
FNDA:0,(anonymous_5)
FNDA:0,(anonymous_6)
FNDA:2,(anonymous_7)
FNDA:10,(anonymous_8)
FNDA:1,(anonymous_9)
FNDA:1,(anonymous_10)
FNDA:9,(anonymous_11)
FNDA:10,(anonymous_12)
FNDA:2,(anonymous_13)
FNDA:2,(anonymous_14)
FNDA:0,(anonymous_15)
FNDA:2,(anonymous_16)
FNDA:1,(anonymous_17)
FNDA:2,(anonymous_18)
FNDA:3,(anonymous_19)
FNDA:0,(anonymous_20)
FNDA:0,(anonymous_21)
FNDA:3,(anonymous_22)
FNDA:11,(anonymous_23)
FNDA:3,(anonymous_24)
FNDA:11,(anonymous_25)
FNDA:1,(anonymous_26)
DA:4,1
DA:111,1
DA:112,1
DA:115,1
DA:116,9
DA:120,1
DA:121,10
DA:122,1
DA:125,1
DA:127,0
DA:130,0
DA:133,0
DA:134,0
DA:138,0
DA:139,0
DA:142,0
DA:143,0
DA:146,0
DA:147,0
DA:150,0
DA:151,0
DA:154,0
DA:155,0
DA:158,0
DA:159,0
DA:162,0
DA:163,0
DA:167,0
DA:168,0
DA:172,0
DA:178,1
DA:179,2
DA:182,10
DA:183,2
DA:184,1
DA:187,1
DA:199,1
DA:201,1
DA:207,1
DA:208,1
DA:209,1
DA:210,1
DA:212,1
DA:213,0
DA:216,1
DA:217,1
DA:218,9
DA:220,9
DA:221,0
DA:223,9
DA:226,10
DA:227,2
DA:230,1
DA:231,2
DA:232,0
DA:234,1
DA:235,1
DA:237,1
DA:238,2
DA:239,2
DA:242,2
DA:243,1
DA:245,2
DA:250,2
DA:251,3
DA:253,2
DA:254,0
DA:256,2
DA:260,1
DA:269,0
DA:270,0
DA:274,1
DA:275,0
DA:276,0
DA:278,0
DA:279,0
DA:281,0
DA:285,1
DA:286,3
DA:287,3
DA:288,3
DA:290,11
DA:291,3
DA:292,1
DA:296,2
DA:297,0
DA:301,2
DA:302,1
DA:306,1
DA:308,1
DA:313,0
DA:314,0
DA:318,1
DA:319,3
DA:320,3
DA:322,11
DA:323,3
DA:324,1
DA:327,2
DA:329,2
LF:100
LH:65
BRDA:133,0,0,0
BRDA:133,0,1,0
BRDA:138,1,0,0
BRDA:138,1,1,0
BRDA:142,2,0,0
BRDA:142,2,1,0
BRDA:146,3,0,0
BRDA:146,3,1,0
BRDA:150,4,0,0
BRDA:150,4,1,0
BRDA:154,5,0,0
BRDA:154,5,1,0
BRDA:158,6,0,0
BRDA:158,6,1,0
BRDA:162,7,0,0
BRDA:162,7,1,0
BRDA:167,8,0,0
BRDA:167,8,1,0
BRDA:183,9,0,1
BRDA:183,9,1,1
BRDA:212,10,0,0
BRDA:212,10,1,1
BRDA:220,11,0,0
BRDA:220,11,1,9
BRDA:231,12,0,2
BRDA:231,12,1,2
BRDA:242,13,0,1
BRDA:242,13,1,1
BRDA:244,14,0,1
BRDA:244,14,1,0
BRDA:250,15,0,2
BRDA:250,15,1,2
BRDA:253,16,0,0
BRDA:253,16,1,2
BRDA:253,17,0,2
BRDA:253,17,1,1
BRDA:261,18,0,0
BRDA:261,18,1,1
BRDA:278,19,0,0
BRDA:278,19,1,0
BRDA:291,20,0,1
BRDA:291,20,1,2
BRDA:296,21,0,0
BRDA:296,21,1,2
BRDA:301,22,0,1
BRDA:301,22,1,1
BRDA:323,23,0,1
BRDA:323,23,1,2
BRF:48
BRH:22
end_of_record
TN:
SF:controllers\UserAuthController.js
FN:26,(anonymous_0)
FN:30,(anonymous_1)
FN:31,(anonymous_2)
FN:34,(anonymous_3)
FN:35,(anonymous_4)
FN:71,(anonymous_5)
FN:73,(anonymous_6)
FN:100,(anonymous_7)
FNF:8
FNH:5
FNDA:1,(anonymous_0)
FNDA:0,(anonymous_1)
FNDA:0,(anonymous_2)
FNDA:2,(anonymous_3)
FNDA:4,(anonymous_4)
FNDA:3,(anonymous_5)
FNDA:7,(anonymous_6)
FNDA:0,(anonymous_7)
DA:9,1
DA:10,1
DA:13,1
DA:26,1
DA:27,1
DA:30,1
DA:31,0
DA:34,1
DA:35,4
DA:36,2
DA:37,1
DA:39,1
DA:40,1
DA:42,1
DA:43,1
DA:44,1
DA:45,1
DA:46,1
DA:51,1
DA:52,1
DA:53,1
DA:54,1
DA:59,1
DA:67,0
DA:71,1
DA:73,7
DA:74,3
DA:75,1
DA:77,2
DA:78,2
DA:79,1
DA:80,1
DA:85,1
DA:91,1
DA:96,0
DA:100,1
DA:101,0
DA:106,0
LF:38
LH:33
BRDA:36,0,0,1
BRDA:36,0,1,1
BRDA:74,1,0,1
BRDA:74,1,1,2
BRDA:78,2,0,1
BRDA:78,2,1,1
BRF:6
BRH:6
end_of_record
TN:
SF:controllers\UserProfileController.js
FN:22,(anonymous_0)
FN:31,(anonymous_1)
FN:35,(anonymous_2)
FN:43,(anonymous_3)
FN:52,(anonymous_4)
FNF:5
FNH:5
FNDA:1,(anonymous_0)
FNDA:1,(anonymous_1)
FNDA:1,(anonymous_2)
FNDA:1,(anonymous_3)
FNDA:1,(anonymous_4)
DA:3,1
DA:22,1
DA:24,1
DA:25,1
DA:26,1
DA:27,1
DA:31,1
DA:32,1
DA:33,1
DA:35,1
DA:36,1
DA:38,1
DA:40,0
DA:43,1
DA:44,1
DA:45,1
DA:47,1
DA:48,0
DA:51,1
DA:52,1
DA:54,1
DA:56,0
DA:70,0
DA:71,0
DA:80,1
DA:81,1
DA:88,0
LF:27
LH:21
BRDA:36,0,0,0
BRDA:36,0,1,1
BRDA:45,1,0,1
BRDA:45,1,1,0
BRDA:47,2,0,0
BRDA:47,2,1,1
BRDA:54,3,0,0
BRDA:54,3,1,1
BRF:8
BRH:4
end_of_record
TN:
SF:controllers\VolunteerHistController.js
FN:5,(anonymous_0)
FN:12,(anonymous_1)
FN:16,(anonymous_2)
FNF:3
FNH:3
FNDA:1,(anonymous_0)
FNDA:9,(anonymous_1)
FNDA:15,(anonymous_2)
DA:5,1
DA:6,1
DA:7,1
DA:9,1
DA:10,0
DA:12,1
DA:13,9
DA:16,1
DA:17,15
DA:18,15
DA:20,15
DA:21,0
DA:24,15
DA:27,1
DA:30,0
DA:31,0
LF:16
LH:12
BRDA:9,0,0,0
BRDA:9,0,1,1
BRDA:13,1,0,9
BRDA:13,1,1,9
BRDA:20,2,0,0
BRDA:20,2,1,15
BRDA:20,3,0,15
BRDA:20,3,1,15
BRF:8
BRH:6
end_of_record
TN:
SF:middleware\authMiddleware.js
FN:6,authenticateToken
FN:12,(anonymous_1)
FNF:2
FNH:2
FNDA:15,authenticateToken
FNDA:12,(anonymous_1)
DA:3,1
DA:7,15
DA:8,15
DA:9,3
DA:12,12
DA:13,12
DA:14,2
DA:16,10
DA:17,10
LF:9
LH:9
BRDA:8,0,0,3
BRDA:8,0,1,12
BRDA:13,1,0,2
BRDA:13,1,1,10
BRF:4
BRH:4
end_of_record
TN:
SF:routes\EventsRoutes.js
FN:9,(anonymous_0)
FN:10,(anonymous_1)
FN:11,(anonymous_2)
FN:12,(anonymous_3)
FN:13,(anonymous_4)
FN:14,(anonymous_5)
FN:15,(anonymous_6)
FN:16,(anonymous_7)
FN:17,(anonymous_8)
FN:18,(anonymous_9)
FNF:10
FNH:8
FNDA:1,(anonymous_0)
FNDA:0,(anonymous_1)
FNDA:1,(anonymous_2)
FNDA:0,(anonymous_3)
FNDA:2,(anonymous_4)
FNDA:1,(anonymous_5)
FNDA:1,(anonymous_6)
FNDA:1,(anonymous_7)
FNDA:3,(anonymous_8)
FNDA:3,(anonymous_9)
DA:8,1
DA:9,1
DA:10,1
DA:11,1
DA:12,1
DA:13,2
DA:14,1
DA:15,1
DA:16,1
DA:17,3
DA:18,3
LF:11
LH:11
BRF:0
BRH:0
end_of_record
TN:
SF:routes\UserAuthRoutes.js
FN:8,(anonymous_0)
FN:9,(anonymous_1)
FN:10,(anonymous_2)
FN:11,(anonymous_3)
FN:12,(anonymous_4)
FNF:5
FNH:3
FNDA:1,(anonymous_0)
FNDA:0,(anonymous_1)
FNDA:2,(anonymous_2)
FNDA:3,(anonymous_3)
FNDA:0,(anonymous_4)
DA:5,1
DA:8,1
DA:9,1
DA:10,2
DA:11,3
DA:12,1
LF:6
LH:6
BRF:0
BRH:0
end_of_record
TN:
SF:routes\UserProfileRoutes.js
FN:8,(anonymous_0)
FN:9,(anonymous_1)
FNF:2
FNH:2
FNDA:1,(anonymous_0)
FNDA:1,(anonymous_1)
DA:7,1
DA:8,1
DA:9,1
LF:3
LH:3
BRF:0
BRH:0
end_of_record
